<?xml version="1.0" encoding="utf-8"?>
<CoverageSession xmlns:xsd="http://www.w3.org/2001/XMLSchema" xmlns:xsi="http://www.w3.org/2001/XMLSchema-instance" Version="0.0.0.0">
  <Summary numSequencePoints="151" visitedSequencePoints="150" numBranchPoints="0" visitedBranchPoints="0" sequenceCoverage="99.34" branchCoverage="0.0" maxCyclomaticComplexity="0" minCyclomaticComplexity="0" maxCrapScore="0" minCrapScore="0" visitedClasses="7" numClasses="7" visitedMethods="32" numMethods="32" />
  <Modules>
    <Module>
      <Summary numSequencePoints="151" visitedSequencePoints="150" numBranchPoints="0" visitedBranchPoints="0" sequenceCoverage="99.34" branchCoverage="0.0" maxCyclomaticComplexity="0" minCyclomaticComplexity="0" maxCrapScore="0" minCrapScore="0" visitedClasses="7" numClasses="7" visitedMethods="32" numMethods="32" />
      <ModuleTime>0001-01-01T00:00:00</ModuleTime>
      <ModuleName>GameScripts</ModuleName>
      <Files>
        <File uid="6" fullPath="S:/@BIKIN GAMEEEEE/NeuroBuddy/neurobuddy-fe/Assets/Scripts/GoNoGo/GoNoGoItem.cs" />
        <File uid="7" fullPath="S:/@BIKIN GAMEEEEE/NeuroBuddy/neurobuddy-fe/Assets/Scripts/GoNoGo/GoNoGoManager.cs" />
        <File uid="8" fullPath="S:/@BIKIN GAMEEEEE/NeuroBuddy/neurobuddy-fe/Assets/Scripts/GoNoGo/GoNoGoResult.cs" />
        <File uid="9" fullPath="S:/@BIKIN GAMEEEEE/NeuroBuddy/neurobuddy-fe/Assets/Scripts/MainMenu/MenuNavigator.cs" />
        <File uid="10" fullPath="S:/@BIKIN GAMEEEEE/NeuroBuddy/neurobuddy-fe/Assets/Scripts/MainMenu/UnitySceneLoader.cs" />
        <File uid="11" fullPath="S:/@BIKIN GAMEEEEE/NeuroBuddy/neurobuddy-fe/Assets/Scripts/SessionCodeEntry.cs" />
      </Files>
      <Classes>
        <Class>
          <Summary numSequencePoints="23" visitedSequencePoints="23" numBranchPoints="0" visitedBranchPoints="0" sequenceCoverage="100.0" branchCoverage="0.0" maxCyclomaticComplexity="0" minCyclomaticComplexity="0" maxCrapScore="0" minCrapScore="0" visitedClasses="1" numClasses="1" visitedMethods="2" numMethods="2" />
          <FullName>GoNoGoItem</FullName>
          <Methods>
            <Method visited="true" cyclomaticComplexity="0" nPathComplexity="0" sequenceCoverage="100.0" branchCoverage="0" crapScore="0" isConstructor="false" isStatic="false" isGetter="false" isSetter="false">
              <Summary numSequencePoints="12" visitedSequencePoints="12" numBranchPoints="0" visitedBranchPoints="0" sequenceCoverage="100.0" branchCoverage="0" maxCyclomaticComplexity="0" minCyclomaticComplexity="0" maxCrapScore="0" minCrapScore="0" visitedClasses="0" numClasses="0" visitedMethods="1" numMethods="1" />
              <MetadataToken>100663297</MetadataToken>
              <Name>System.Void GoNoGoItem::Initialize(System.Boolean, System.Single, GoNoGoManager)</Name>
              <FileRef uid="6" />
              <SequencePoints>
                <SequencePoint vc="3" uspid="1018" ordinal="0" offset="0" sl="20" sc="5" el="20" ec="5" bec="0" bev="0" fileid="6" />
                <SequencePoint vc="3" uspid="1019" ordinal="0" offset="1" sl="21" sc="9" el="21" ec="9" bec="0" bev="0" fileid="6" />
                <SequencePoint vc="3" uspid="1020" ordinal="0" offset="8" sl="22" sc="9" el="22" ec="9" bec="0" bev="0" fileid="6" />
                <SequencePoint vc="3" uspid="1021" ordinal="0" offset="15" sl="23" sc="9" el="23" ec="9" bec="0" bev="0" fileid="6" />
                <SequencePoint vc="3" uspid="1022" ordinal="0" offset="22" sl="24" sc="9" el="24" ec="9" bec="0" bev="0" fileid="6" />
                <SequencePoint vc="3" uspid="1023" ordinal="0" offset="33" sl="25" sc="9" el="25" ec="9" bec="0" bev="0" fileid="6" />
                <SequencePoint vc="3" uspid="1024" ordinal="0" offset="40" sl="28" sc="9" el="28" ec="9" bec="0" bev="0" fileid="6" />
                <SequencePoint vc="3" uspid="1025" ordinal="0" offset="47" sl="29" sc="9" el="29" ec="9" bec="0" bev="0" fileid="6" />
                <SequencePoint vc="3" uspid="1026" ordinal="0" offset="58" sl="30" sc="9" el="30" ec="9" bec="0" bev="0" fileid="6" />
                <SequencePoint vc="3" uspid="1027" ordinal="0" offset="59" sl="31" sc="13" el="31" ec="13" bec="0" bev="0" fileid="6" />
                <SequencePoint vc="3" uspid="1028" ordinal="0" offset="83" sl="32" sc="9" el="32" ec="9" bec="0" bev="0" fileid="6" />
                <SequencePoint vc="3" uspid="1029" ordinal="0" offset="84" sl="33" sc="5" el="33" ec="5" bec="0" bev="0" fileid="6" />
              </SequencePoints>
              <BranchPoints />
            </Method>
            <Method visited="true" cyclomaticComplexity="0" nPathComplexity="0" sequenceCoverage="100.0" branchCoverage="0" crapScore="0" isConstructor="false" isStatic="false" isGetter="false" isSetter="false">
              <Summary numSequencePoints="11" visitedSequencePoints="11" numBranchPoints="0" visitedBranchPoints="0" sequenceCoverage="100.0" branchCoverage="0" maxCyclomaticComplexity="0" minCyclomaticComplexity="0" maxCrapScore="0" minCrapScore="0" visitedClasses="0" numClasses="0" visitedMethods="1" numMethods="1" />
              <MetadataToken>100663299</MetadataToken>
              <Name>System.Void GoNoGoItem::Update()</Name>
              <FileRef uid="6" />
              <SequencePoints>
                <SequencePoint vc="119" uspid="1042" ordinal="0" offset="0" sl="55" sc="5" el="55" ec="5" bec="0" bev="0" fileid="6" />
                <SequencePoint vc="119" uspid="1043" ordinal="0" offset="1" sl="57" sc="9" el="57" ec="9" bec="0" bev="0" fileid="6" />
                <SequencePoint vc="3" uspid="1044" ordinal="0" offset="37" sl="58" sc="9" el="58" ec="9" bec="0" bev="0" fileid="6" />
                <SequencePoint vc="3" uspid="1045" ordinal="0" offset="38" sl="59" sc="13" el="59" ec="13" bec="0" bev="0" fileid="6" />
                <SequencePoint vc="3" uspid="1046" ordinal="0" offset="62" sl="61" sc="13" el="61" ec="13" bec="0" bev="0" fileid="6" />
                <SequencePoint vc="3" uspid="1047" ordinal="0" offset="78" sl="62" sc="13" el="62" ec="13" bec="0" bev="0" fileid="6" />
                <SequencePoint vc="3" uspid="1048" ordinal="0" offset="79" sl="63" sc="17" el="63" ec="17" bec="0" bev="0" fileid="6" />
                <SequencePoint vc="3" uspid="1049" ordinal="0" offset="92" sl="64" sc="13" el="64" ec="13" bec="0" bev="0" fileid="6" />
                <SequencePoint vc="3" uspid="1050" ordinal="0" offset="93" sl="66" sc="13" el="66" ec="13" bec="0" bev="0" fileid="6" />
                <SequencePoint vc="3" uspid="1051" ordinal="0" offset="105" sl="67" sc="9" el="67" ec="9" bec="0" bev="0" fileid="6" />
                <SequencePoint vc="119" uspid="1052" ordinal="0" offset="106" sl="68" sc="5" el="68" ec="5" bec="0" bev="0" fileid="6" />
              </SequencePoints>
              <BranchPoints />
            </Method>
          </Methods>
        </Class>
        <Class>
          <Summary numSequencePoints="59" visitedSequencePoints="58" numBranchPoints="0" visitedBranchPoints="0" sequenceCoverage="98.31" branchCoverage="0.0" maxCyclomaticComplexity="0" minCyclomaticComplexity="0" maxCrapScore="0" minCrapScore="0" visitedClasses="1" numClasses="1" visitedMethods="7" numMethods="7" />
          <FullName>GoNoGoManager</FullName>
          <Methods>
            <Method visited="true" cyclomaticComplexity="0" nPathComplexity="0" sequenceCoverage="100.0" branchCoverage="0" crapScore="0" isConstructor="false" isStatic="false" isGetter="true" isSetter="false">
              <Summary numSequencePoints="1" visitedSequencePoints="1" numBranchPoints="0" visitedBranchPoints="0" sequenceCoverage="100.0" branchCoverage="0" maxCyclomaticComplexity="0" minCyclomaticComplexity="0" maxCrapScore="0" minCrapScore="0" visitedClasses="0" numClasses="0" visitedMethods="1" numMethods="1" />
              <MetadataToken>100663304</MetadataToken>
              <Name>System.Collections.Generic.List[GoNoGoResult] GoNoGoManager::get_Results()</Name>
              <FileRef uid="7" />
              <SequencePoints>
                <SequencePoint vc="1" uspid="1056" ordinal="0" offset="0" sl="39" sc="42" el="39" ec="42" bec="0" bev="0" fileid="7" />
              </SequencePoints>
              <BranchPoints />
            </Method>
            <Method visited="true" cyclomaticComplexity="0" nPathComplexity="0" sequenceCoverage="100.0" branchCoverage="0" crapScore="0" isConstructor="false" isStatic="false" isGetter="true" isSetter="false">
              <Summary numSequencePoints="1" visitedSequencePoints="1" numBranchPoints="0" visitedBranchPoints="0" sequenceCoverage="100.0" branchCoverage="0" maxCyclomaticComplexity="0" minCyclomaticComplexity="0" maxCrapScore="0" minCrapScore="0" visitedClasses="0" numClasses="0" visitedMethods="1" numMethods="1" />
              <MetadataToken>100663305</MetadataToken>
              <Name>System.Boolean GoNoGoManager::get_IsGameActive()</Name>
              <FileRef uid="7" />
              <SequencePoints>
                <SequencePoint vc="3" uspid="1057" ordinal="0" offset="0" sl="40" sc="33" el="40" ec="33" bec="0" bev="0" fileid="7" />
              </SequencePoints>
              <BranchPoints />
            </Method>
            <Method visited="true" cyclomaticComplexity="0" nPathComplexity="0" sequenceCoverage="100.0" branchCoverage="0" crapScore="0" isConstructor="false" isStatic="false" isGetter="false" isSetter="false">
              <Summary numSequencePoints="7" visitedSequencePoints="7" numBranchPoints="0" visitedBranchPoints="0" sequenceCoverage="100.0" branchCoverage="0" maxCyclomaticComplexity="0" minCyclomaticComplexity="0" maxCrapScore="0" minCrapScore="0" visitedClasses="0" numClasses="0" visitedMethods="1" numMethods="1" />
              <MetadataToken>100663311</MetadataToken>
              <Name>System.Void GoNoGoManager::Start()</Name>
              <FileRef uid="7" />
              <SequencePoints>
                <SequencePoint vc="1" uspid="1063" ordinal="0" offset="0" sl="48" sc="5" el="48" ec="5" bec="0" bev="0" fileid="7" />
                <SequencePoint vc="1" uspid="1064" ordinal="0" offset="1" sl="49" sc="9" el="49" ec="9" bec="0" bev="0" fileid="7" />
                <SequencePoint vc="1" uspid="1065" ordinal="0" offset="17" sl="50" sc="9" el="50" ec="9" bec="0" bev="0" fileid="7" />
                <SequencePoint vc="1" uspid="1066" ordinal="0" offset="18" sl="51" sc="13" el="51" ec="13" bec="0" bev="0" fileid="7" />
                <SequencePoint vc="1" uspid="1067" ordinal="0" offset="31" sl="52" sc="9" el="52" ec="9" bec="0" bev="0" fileid="7" />
                <SequencePoint vc="1" uspid="1068" ordinal="0" offset="32" sl="54" sc="9" el="54" ec="9" bec="0" bev="0" fileid="7" />
                <SequencePoint vc="1" uspid="1069" ordinal="0" offset="45" sl="55" sc="5" el="55" ec="5" bec="0" bev="0" fileid="7" />
              </SequencePoints>
              <BranchPoints />
            </Method>
            <Method visited="true" cyclomaticComplexity="0" nPathComplexity="0" sequenceCoverage="95.65" branchCoverage="0" crapScore="0" isConstructor="false" isStatic="false" isGetter="false" isSetter="false">
              <Summary numSequencePoints="23" visitedSequencePoints="22" numBranchPoints="0" visitedBranchPoints="0" sequenceCoverage="95.65" branchCoverage="0" maxCyclomaticComplexity="0" minCyclomaticComplexity="0" maxCrapScore="0" minCrapScore="0" visitedClasses="0" numClasses="0" visitedMethods="1" numMethods="1" />
              <MetadataToken>100663313</MetadataToken>
              <Name>System.Void GoNoGoManager::SpawnItem()</Name>
              <FileRef uid="7" />
              <SequencePoints>
                <SequencePoint vc="3" uspid="1070" ordinal="0" offset="0" sl="102" sc="5" el="102" ec="5" bec="0" bev="0" fileid="7" />
                <SequencePoint vc="3" uspid="1071" ordinal="0" offset="1" sl="103" sc="9" el="103" ec="9" bec="0" bev="0" fileid="7" />
                <SequencePoint vc="3" uspid="1072" ordinal="0" offset="18" sl="104" sc="9" el="104" ec="9" bec="0" bev="0" fileid="7" />
                <SequencePoint vc="3" uspid="1073" ordinal="0" offset="36" sl="106" sc="9" el="106" ec="9" bec="0" bev="0" fileid="7" />
                <SequencePoint vc="0" uspid="1074" ordinal="0" offset="49" sl="106" sc="29" el="106" ec="29" bec="0" bev="0" fileid="7" />
                <SequencePoint vc="3" uspid="1075" ordinal="0" offset="54" sl="108" sc="9" el="108" ec="9" bec="0" bev="0" fileid="7" />
                <SequencePoint vc="3" uspid="1076" ordinal="0" offset="89" sl="111" sc="9" el="111" ec="9" bec="0" bev="0" fileid="7" />
                <SequencePoint vc="3" uspid="1077" ordinal="0" offset="107" sl="112" sc="9" el="112" ec="9" bec="0" bev="0" fileid="7" />
                <SequencePoint vc="3" uspid="1078" ordinal="0" offset="108" sl="113" sc="13" el="113" ec="13" bec="0" bev="0" fileid="7" />
                <SequencePoint vc="3" uspid="1079" ordinal="0" offset="121" sl="114" sc="13" el="114" ec="13" bec="0" bev="0" fileid="7" />
                <SequencePoint vc="3" uspid="1080" ordinal="0" offset="154" sl="115" sc="13" el="115" ec="13" bec="0" bev="0" fileid="7" />
                <SequencePoint vc="3" uspid="1081" ordinal="0" offset="187" sl="116" sc="13" el="116" ec="13" bec="0" bev="0" fileid="7" />
                <SequencePoint vc="3" uspid="1082" ordinal="0" offset="208" sl="117" sc="9" el="117" ec="9" bec="0" bev="0" fileid="7" />
                <SequencePoint vc="3" uspid="1083" ordinal="0" offset="209" sl="119" sc="9" el="119" ec="9" bec="0" bev="0" fileid="7" />
                <SequencePoint vc="3" uspid="1084" ordinal="0" offset="216" sl="120" sc="9" el="120" ec="9" bec="0" bev="0" fileid="7" />
                <SequencePoint vc="3" uspid="1085" ordinal="0" offset="229" sl="121" sc="9" el="121" ec="9" bec="0" bev="0" fileid="7" />
                <SequencePoint vc="3" uspid="1086" ordinal="0" offset="230" sl="122" sc="13" el="122" ec="13" bec="0" bev="0" fileid="7" />
                <SequencePoint vc="3" uspid="1087" ordinal="0" offset="237" sl="123" sc="9" el="123" ec="9" bec="0" bev="0" fileid="7" />
                <SequencePoint vc="3" uspid="1088" ordinal="0" offset="238" sl="125" sc="9" el="125" ec="9" bec="0" bev="0" fileid="7" />
                <SequencePoint vc="3" uspid="1089" ordinal="0" offset="246" sl="126" sc="9" el="126" ec="9" bec="0" bev="0" fileid="7" />
                <SequencePoint vc="3" uspid="1090" ordinal="0" offset="260" sl="126" sc="26" el="126" ec="26" bec="0" bev="0" fileid="7" />
                <SequencePoint vc="3" uspid="1091" ordinal="0" offset="285" sl="128" sc="9" el="128" ec="9" bec="0" bev="0" fileid="7" />
                <SequencePoint vc="3" uspid="1092" ordinal="0" offset="300" sl="129" sc="5" el="129" ec="5" bec="0" bev="0" fileid="7" />
              </SequencePoints>
              <BranchPoints />
            </Method>
            <Method visited="true" cyclomaticComplexity="0" nPathComplexity="0" sequenceCoverage="100.0" branchCoverage="0" crapScore="0" isConstructor="false" isStatic="false" isGetter="false" isSetter="false">
              <Summary numSequencePoints="3" visitedSequencePoints="3" numBranchPoints="0" visitedBranchPoints="0" sequenceCoverage="100.0" branchCoverage="0" maxCyclomaticComplexity="0" minCyclomaticComplexity="0" maxCrapScore="0" minCrapScore="0" visitedClasses="0" numClasses="0" visitedMethods="1" numMethods="1" />
              <MetadataToken>100663314</MetadataToken>
              <Name>System.Void GoNoGoManager::RecordResult(GoNoGoResult)</Name>
              <FileRef uid="7" />
              <SequencePoints>
                <SequencePoint vc="3" uspid="1093" ordinal="0" offset="0" sl="135" sc="5" el="135" ec="5" bec="0" bev="0" fileid="7" />
                <SequencePoint vc="3" uspid="1094" ordinal="0" offset="1" sl="136" sc="9" el="136" ec="9" bec="0" bev="0" fileid="7" />
                <SequencePoint vc="3" uspid="1095" ordinal="0" offset="14" sl="137" sc="5" el="137" ec="5" bec="0" bev="0" fileid="7" />
              </SequencePoints>
              <BranchPoints />
            </Method>
            <Method visited="true" cyclomaticComplexity="0" nPathComplexity="0" sequenceCoverage="100.0" branchCoverage="0" crapScore="0" isConstructor="false" isStatic="false" isGetter="false" isSetter="false">
              <Summary numSequencePoints="18" visitedSequencePoints="18" numBranchPoints="0" visitedBranchPoints="0" sequenceCoverage="100.0" branchCoverage="0" maxCyclomaticComplexity="0" minCyclomaticComplexity="0" maxCrapScore="0" minCrapScore="0" visitedClasses="0" numClasses="0" visitedMethods="1" numMethods="1" />
              <MetadataToken>100663315</MetadataToken>
              <Name>System.Void GoNoGoManager::ShowResults()</Name>
              <FileRef uid="7" />
              <SequencePoints>
                <SequencePoint vc="1" uspid="1096" ordinal="0" offset="0" sl="140" sc="5" el="140" ec="5" bec="0" bev="0" fileid="7" />
                <SequencePoint vc="1" uspid="1097" ordinal="0" offset="1" sl="141" sc="9" el="141" ec="9" bec="0" bev="0" fileid="7" />
                <SequencePoint vc="1" uspid="1098" ordinal="0" offset="19" sl="141" sc="35" el="141" ec="35" bec="0" bev="0" fileid="7" />
                <SequencePoint vc="1" uspid="1099" ordinal="0" offset="32" sl="143" sc="9" el="143" ec="9" bec="0" bev="0" fileid="7" />
                <SequencePoint vc="1" uspid="1100" ordinal="0" offset="75" sl="144" sc="9" el="144" ec="9" bec="0" bev="0" fileid="7" />
                <SequencePoint vc="1" uspid="1101" ordinal="0" offset="118" sl="145" sc="9" el="145" ec="9" bec="0" bev="0" fileid="7" />
                <SequencePoint vc="1" uspid="1102" ordinal="0" offset="161" sl="146" sc="9" el="146" ec="9" bec="0" bev="0" fileid="7" />
                <SequencePoint vc="1" uspid="1103" ordinal="0" offset="204" sl="147" sc="9" el="147" ec="9" bec="0" bev="0" fileid="7" />
                <SequencePoint vc="1" uspid="1104" ordinal="0" offset="248" sl="148" sc="9" el="148" ec="9" bec="0" bev="0" fileid="7" />
                <SequencePoint vc="1" uspid="1105" ordinal="0" offset="292" sl="150" sc="9" el="150" ec="9" bec="0" bev="0" fileid="7" />
                <SequencePoint vc="1" uspid="1106" ordinal="0" offset="377" sl="155" sc="9" el="155" ec="9" bec="0" bev="0" fileid="7" />
                <SequencePoint vc="1" uspid="1107" ordinal="0" offset="403" sl="159" sc="9" el="159" ec="9" bec="0" bev="0" fileid="7" />
                <SequencePoint vc="1" uspid="1108" ordinal="0" offset="651" sl="167" sc="9" el="167" ec="9" bec="0" bev="0" fileid="7" />
                <SequencePoint vc="1" uspid="1109" ordinal="0" offset="659" sl="169" sc="9" el="169" ec="9" bec="0" bev="0" fileid="7" />
                <SequencePoint vc="1" uspid="1110" ordinal="0" offset="677" sl="170" sc="9" el="170" ec="9" bec="0" bev="0" fileid="7" />
                <SequencePoint vc="1" uspid="1111" ordinal="0" offset="678" sl="171" sc="13" el="171" ec="13" bec="0" bev="0" fileid="7" />
                <SequencePoint vc="1" uspid="1112" ordinal="0" offset="692" sl="172" sc="9" el="172" ec="9" bec="0" bev="0" fileid="7" />
                <SequencePoint vc="1" uspid="1113" ordinal="0" offset="693" sl="173" sc="5" el="173" ec="5" bec="0" bev="0" fileid="7" />
              </SequencePoints>
              <BranchPoints />
            </Method>
            <Method visited="true" cyclomaticComplexity="0" nPathComplexity="0" sequenceCoverage="100.0" branchCoverage="0" crapScore="0" isConstructor="true" isStatic="false" isGetter="false" isSetter="false">
              <Summary numSequencePoints="6" visitedSequencePoints="6" numBranchPoints="0" visitedBranchPoints="0" sequenceCoverage="100.0" branchCoverage="0" maxCyclomaticComplexity="0" minCyclomaticComplexity="0" maxCrapScore="0" minCrapScore="0" visitedClasses="0" numClasses="0" visitedMethods="1" numMethods="1" />
              <MetadataToken>100663321</MetadataToken>
              <Name>GoNoGoManager::GoNoGoManager()</Name>
              <FileRef uid="7" />
              <SequencePoints>
                <SequencePoint vc="1" uspid="1122" ordinal="0" offset="0" sl="14" sc="22" el="14" ec="22" bec="0" bev="0" fileid="7" />
                <SequencePoint vc="1" uspid="1123" ordinal="0" offset="11" sl="15" sc="22" el="15" ec="22" bec="0" bev="0" fileid="7" />
                <SequencePoint vc="1" uspid="1124" ordinal="0" offset="22" sl="16" sc="22" el="16" ec="22" bec="0" bev="0" fileid="7" />
                <SequencePoint vc="1" uspid="1125" ordinal="0" offset="33" sl="17" sc="37" el="17" ec="37" bec="0" bev="0" fileid="7" />
                <SequencePoint vc="1" uspid="1126" ordinal="0" offset="44" sl="18" sc="22" el="18" ec="22" bec="0" bev="0" fileid="7" />
                <SequencePoint vc="1" uspid="1127" ordinal="0" offset="51" sl="33" sc="5" el="33" ec="5" bec="0" bev="0" fileid="7" />
              </SequencePoints>
              <BranchPoints />
            </Method>
          </Methods>
        </Class>
        <Class>
          <Summary numSequencePoints="18" visitedSequencePoints="18" numBranchPoints="0" visitedBranchPoints="0" sequenceCoverage="100.0" branchCoverage="0.0" maxCyclomaticComplexity="0" minCyclomaticComplexity="0" maxCrapScore="0" minCrapScore="0" visitedClasses="1" numClasses="1" visitedMethods="12" numMethods="12" />
          <FullName>GoNoGoResult</FullName>
          <Methods>
            <Method visited="true" cyclomaticComplexity="0" nPathComplexity="0" sequenceCoverage="100.0" branchCoverage="0" crapScore="0" isConstructor="false" isStatic="false" isGetter="true" isSetter="false">
              <Summary numSequencePoints="1" visitedSequencePoints="1" numBranchPoints="0" visitedBranchPoints="0" sequenceCoverage="100.0" branchCoverage="0" maxCyclomaticComplexity="0" minCyclomaticComplexity="0" maxCrapScore="0" minCrapScore="0" visitedClasses="0" numClasses="0" visitedMethods="1" numMethods="1" />
              <MetadataToken>100663322</MetadataToken>
              <Name>System.Boolean GoNoGoResult::get_IsGoTrial()</Name>
              <FileRef uid="8" />
              <SequencePoints>
                <SequencePoint vc="18" uspid="1128" ordinal="0" offset="0" sl="7" sc="29" el="7" ec="29" bec="0" bev="0" fileid="8" />
              </SequencePoints>
              <BranchPoints />
            </Method>
            <Method visited="true" cyclomaticComplexity="0" nPathComplexity="0" sequenceCoverage="100.0" branchCoverage="0" crapScore="0" isConstructor="false" isStatic="false" isGetter="false" isSetter="true">
              <Summary numSequencePoints="1" visitedSequencePoints="1" numBranchPoints="0" visitedBranchPoints="0" sequenceCoverage="100.0" branchCoverage="0" maxCyclomaticComplexity="0" minCyclomaticComplexity="0" maxCrapScore="0" minCrapScore="0" visitedClasses="0" numClasses="0" visitedMethods="1" numMethods="1" />
              <MetadataToken>100663323</MetadataToken>
              <Name>System.Void GoNoGoResult::set_IsGoTrial(System.Boolean)</Name>
              <FileRef uid="8" />
              <SequencePoints>
                <SequencePoint vc="3" uspid="1129" ordinal="0" offset="0" sl="7" sc="34" el="7" ec="34" bec="0" bev="0" fileid="8" />
              </SequencePoints>
              <BranchPoints />
            </Method>
            <Method visited="true" cyclomaticComplexity="0" nPathComplexity="0" sequenceCoverage="100.0" branchCoverage="0" crapScore="0" isConstructor="false" isStatic="false" isGetter="true" isSetter="false">
              <Summary numSequencePoints="1" visitedSequencePoints="1" numBranchPoints="0" visitedBranchPoints="0" sequenceCoverage="100.0" branchCoverage="0" maxCyclomaticComplexity="0" minCyclomaticComplexity="0" maxCrapScore="0" minCrapScore="0" visitedClasses="0" numClasses="0" visitedMethods="1" numMethods="1" />
              <MetadataToken>100663324</MetadataToken>
              <Name>System.Boolean GoNoGoResult::get_PlayerTapped()</Name>
              <FileRef uid="8" />
              <SequencePoints>
                <SequencePoint vc="6" uspid="1130" ordinal="0" offset="0" sl="10" sc="32" el="10" ec="32" bec="0" bev="0" fileid="8" />
              </SequencePoints>
              <BranchPoints />
            </Method>
            <Method visited="true" cyclomaticComplexity="0" nPathComplexity="0" sequenceCoverage="100.0" branchCoverage="0" crapScore="0" isConstructor="false" isStatic="false" isGetter="false" isSetter="true">
              <Summary numSequencePoints="1" visitedSequencePoints="1" numBranchPoints="0" visitedBranchPoints="0" sequenceCoverage="100.0" branchCoverage="0" maxCyclomaticComplexity="0" minCyclomaticComplexity="0" maxCrapScore="0" minCrapScore="0" visitedClasses="0" numClasses="0" visitedMethods="1" numMethods="1" />
              <MetadataToken>100663325</MetadataToken>
              <Name>System.Void GoNoGoResult::set_PlayerTapped(System.Boolean)</Name>
              <FileRef uid="8" />
              <SequencePoints>
                <SequencePoint vc="3" uspid="1131" ordinal="0" offset="0" sl="10" sc="37" el="10" ec="37" bec="0" bev="0" fileid="8" />
              </SequencePoints>
              <BranchPoints />
            </Method>
            <Method visited="true" cyclomaticComplexity="0" nPathComplexity="0" sequenceCoverage="100.0" branchCoverage="0" crapScore="0" isConstructor="false" isStatic="false" isGetter="false" isSetter="true">
              <Summary numSequencePoints="1" visitedSequencePoints="1" numBranchPoints="0" visitedBranchPoints="0" sequenceCoverage="100.0" branchCoverage="0" maxCyclomaticComplexity="0" minCyclomaticComplexity="0" maxCrapScore="0" minCrapScore="0" visitedClasses="0" numClasses="0" visitedMethods="1" numMethods="1" />
              <MetadataToken>100663327</MetadataToken>
              <Name>System.Void GoNoGoResult::set_ReactionTime(System.Single)</Name>
              <FileRef uid="8" />
              <SequencePoints>
                <SequencePoint vc="3" uspid="1133" ordinal="0" offset="0" sl="13" sc="38" el="13" ec="38" bec="0" bev="0" fileid="8" />
              </SequencePoints>
              <BranchPoints />
            </Method>
            <Method visited="true" cyclomaticComplexity="0" nPathComplexity="0" sequenceCoverage="100.0" branchCoverage="0" crapScore="0" isConstructor="false" isStatic="false" isGetter="false" isSetter="true">
              <Summary numSequencePoints="1" visitedSequencePoints="1" numBranchPoints="0" visitedBranchPoints="0" sequenceCoverage="100.0" branchCoverage="0" maxCyclomaticComplexity="0" minCyclomaticComplexity="0" maxCrapScore="0" minCrapScore="0" visitedClasses="0" numClasses="0" visitedMethods="1" numMethods="1" />
              <MetadataToken>100663329</MetadataToken>
              <Name>System.Void GoNoGoResult::set_SpawnTime(System.Single)</Name>
              <FileRef uid="8" />
              <SequencePoints>
                <SequencePoint vc="3" uspid="1135" ordinal="0" offset="0" sl="16" sc="35" el="16" ec="35" bec="0" bev="0" fileid="8" />
              </SequencePoints>
              <BranchPoints />
            </Method>
            <Method visited="true" cyclomaticComplexity="0" nPathComplexity="0" sequenceCoverage="100.0" branchCoverage="0" crapScore="0" isConstructor="false" isStatic="false" isGetter="true" isSetter="false">
              <Summary numSequencePoints="1" visitedSequencePoints="1" numBranchPoints="0" visitedBranchPoints="0" sequenceCoverage="100.0" branchCoverage="0" maxCyclomaticComplexity="0" minCyclomaticComplexity="0" maxCrapScore="0" minCrapScore="0" visitedClasses="0" numClasses="0" visitedMethods="1" numMethods="1" />
              <MetadataToken>100663331</MetadataToken>
              <Name>System.Boolean GoNoGoResult::get_IsCorrect()</Name>
              <FileRef uid="8" />
              <SequencePoints>
                <SequencePoint vc="2" uspid="1136" ordinal="0" offset="0" sl="27" sc="30" el="27" ec="30" bec="0" bev="0" fileid="8" />
              </SequencePoints>
              <BranchPoints />
            </Method>
            <Method visited="true" cyclomaticComplexity="0" nPathComplexity="0" sequenceCoverage="100.0" branchCoverage="0" crapScore="0" isConstructor="false" isStatic="false" isGetter="true" isSetter="false">
              <Summary numSequencePoints="1" visitedSequencePoints="1" numBranchPoints="0" visitedBranchPoints="0" sequenceCoverage="100.0" branchCoverage="0" maxCyclomaticComplexity="0" minCyclomaticComplexity="0" maxCrapScore="0" minCrapScore="0" visitedClasses="0" numClasses="0" visitedMethods="1" numMethods="1" />
              <MetadataToken>100663332</MetadataToken>
              <Name>System.Boolean GoNoGoResult::get_IsHit()</Name>
              <FileRef uid="8" />
              <SequencePoints>
                <SequencePoint vc="6" uspid="1137" ordinal="0" offset="0" sl="30" sc="26" el="30" ec="26" bec="0" bev="0" fileid="8" />
              </SequencePoints>
              <BranchPoints />
            </Method>
            <Method visited="true" cyclomaticComplexity="0" nPathComplexity="0" sequenceCoverage="100.0" branchCoverage="0" crapScore="0" isConstructor="false" isStatic="false" isGetter="true" isSetter="false">
              <Summary numSequencePoints="1" visitedSequencePoints="1" numBranchPoints="0" visitedBranchPoints="0" sequenceCoverage="100.0" branchCoverage="0" maxCyclomaticComplexity="0" minCyclomaticComplexity="0" maxCrapScore="0" minCrapScore="0" visitedClasses="0" numClasses="0" visitedMethods="1" numMethods="1" />
              <MetadataToken>100663333</MetadataToken>
              <Name>System.Boolean GoNoGoResult::get_IsMiss()</Name>
              <FileRef uid="8" />
              <SequencePoints>
                <SequencePoint vc="2" uspid="1138" ordinal="0" offset="0" sl="33" sc="27" el="33" ec="27" bec="0" bev="0" fileid="8" />
              </SequencePoints>
              <BranchPoints />
            </Method>
            <Method visited="true" cyclomaticComplexity="0" nPathComplexity="0" sequenceCoverage="100.0" branchCoverage="0" crapScore="0" isConstructor="false" isStatic="false" isGetter="true" isSetter="false">
              <Summary numSequencePoints="1" visitedSequencePoints="1" numBranchPoints="0" visitedBranchPoints="0" sequenceCoverage="100.0" branchCoverage="0" maxCyclomaticComplexity="0" minCyclomaticComplexity="0" maxCrapScore="0" minCrapScore="0" visitedClasses="0" numClasses="0" visitedMethods="1" numMethods="1" />
              <MetadataToken>100663334</MetadataToken>
              <Name>System.Boolean GoNoGoResult::get_IsFalseAlarm()</Name>
              <FileRef uid="8" />
              <SequencePoints>
                <SequencePoint vc="2" uspid="1139" ordinal="0" offset="0" sl="36" sc="33" el="36" ec="33" bec="0" bev="0" fileid="8" />
              </SequencePoints>
              <BranchPoints />
            </Method>
            <Method visited="true" cyclomaticComplexity="0" nPathComplexity="0" sequenceCoverage="100.0" branchCoverage="0" crapScore="0" isConstructor="false" isStatic="false" isGetter="true" isSetter="false">
              <Summary numSequencePoints="1" visitedSequencePoints="1" numBranchPoints="0" visitedBranchPoints="0" sequenceCoverage="100.0" branchCoverage="0" maxCyclomaticComplexity="0" minCyclomaticComplexity="0" maxCrapScore="0" minCrapScore="0" visitedClasses="0" numClasses="0" visitedMethods="1" numMethods="1" />
              <MetadataToken>100663335</MetadataToken>
              <Name>System.Boolean GoNoGoResult::get_IsCorrectRejection()</Name>
              <FileRef uid="8" />
              <SequencePoints>
                <SequencePoint vc="4" uspid="1140" ordinal="0" offset="0" sl="39" sc="39" el="39" ec="39" bec="0" bev="0" fileid="8" />
              </SequencePoints>
              <BranchPoints />
            </Method>
            <Method visited="true" cyclomaticComplexity="0" nPathComplexity="0" sequenceCoverage="100.0" branchCoverage="0" crapScore="0" isConstructor="true" isStatic="false" isGetter="false" isSetter="false">
              <Summary numSequencePoints="7" visitedSequencePoints="7" numBranchPoints="0" visitedBranchPoints="0" sequenceCoverage="100.0" branchCoverage="0" maxCyclomaticComplexity="0" minCyclomaticComplexity="0" maxCrapScore="0" minCrapScore="0" visitedClasses="0" numClasses="0" visitedMethods="1" numMethods="1" />
              <MetadataToken>100663330</MetadataToken>
              <Name>GoNoGoResult::GoNoGoResult(System.Boolean, System.Boolean, System.Single, System.Single)</Name>
              <FileRef uid="8" />
              <SequencePoints>
                <SequencePoint vc="3" uspid="1141" ordinal="0" offset="0" sl="18" sc="5" el="18" ec="5" bec="0" bev="0" fileid="8" />
                <SequencePoint vc="3" uspid="1142" ordinal="0" offset="7" sl="19" sc="5" el="19" ec="5" bec="0" bev="0" fileid="8" />
                <SequencePoint vc="3" uspid="1143" ordinal="0" offset="8" sl="20" sc="9" el="20" ec="9" bec="0" bev="0" fileid="8" />
                <SequencePoint vc="3" uspid="1144" ordinal="0" offset="16" sl="21" sc="9" el="21" ec="9" bec="0" bev="0" fileid="8" />
                <SequencePoint vc="3" uspid="1145" ordinal="0" offset="24" sl="22" sc="9" el="22" ec="9" bec="0" bev="0" fileid="8" />
                <SequencePoint vc="3" uspid="1146" ordinal="0" offset="32" sl="23" sc="9" el="23" ec="9" bec="0" bev="0" fileid="8" />
                <SequencePoint vc="3" uspid="1147" ordinal="0" offset="41" sl="24" sc="5" el="24" ec="5" bec="0" bev="0" fileid="8" />
              </SequencePoints>
              <BranchPoints />
            </Method>
          </Methods>
        </Class>
        <Class>
          <Summary numSequencePoints="3" visitedSequencePoints="3" numBranchPoints="0" visitedBranchPoints="0" sequenceCoverage="100.0" branchCoverage="0.0" maxCyclomaticComplexity="0" minCyclomaticComplexity="0" maxCrapScore="0" minCrapScore="0" visitedClasses="1" numClasses="1" visitedMethods="1" numMethods="1" />
          <FullName>MenuNavigator</FullName>
          <Methods>
            <Method visited="true" cyclomaticComplexity="0" nPathComplexity="0" sequenceCoverage="100.0" branchCoverage="0" crapScore="0" isConstructor="false" isStatic="false" isGetter="false" isSetter="false">
              <Summary numSequencePoints="3" visitedSequencePoints="3" numBranchPoints="0" visitedBranchPoints="0" sequenceCoverage="100.0" branchCoverage="0" maxCyclomaticComplexity="0" minCyclomaticComplexity="0" maxCrapScore="0" minCrapScore="0" visitedClasses="0" numClasses="0" visitedMethods="1" numMethods="1" />
              <MetadataToken>100663338</MetadataToken>
              <Name>System.Void MenuNavigator::Awake()</Name>
              <FileRef uid="9" />
              <SequencePoints>
                <SequencePoint vc="1" uspid="1151" ordinal="0" offset="0" sl="20" sc="5" el="20" ec="5" bec="0" bev="0" fileid="9" />
                <SequencePoint vc="1" uspid="1152" ordinal="0" offset="1" sl="22" sc="9" el="22" ec="9" bec="0" bev="0" fileid="9" />
                <SequencePoint vc="1" uspid="1153" ordinal="0" offset="20" sl="23" sc="5" el="23" ec="5" bec="0" bev="0" fileid="9" />
              </SequencePoints>
              <BranchPoints />
            </Method>
          </Methods>
        </Class>
        <Class>
          <Summary numSequencePoints="3" visitedSequencePoints="3" numBranchPoints="0" visitedBranchPoints="0" sequenceCoverage="100.0" branchCoverage="0.0" maxCyclomaticComplexity="0" minCyclomaticComplexity="0" maxCrapScore="0" minCrapScore="0" visitedClasses="1" numClasses="1" visitedMethods="1" numMethods="1" />
          <FullName>UnitySceneLoader</FullName>
          <Methods>
            <Method visited="true" cyclomaticComplexity="0" nPathComplexity="0" sequenceCoverage="100.0" branchCoverage="0" crapScore="0" isConstructor="false" isStatic="false" isGetter="false" isSetter="false">
              <Summary numSequencePoints="3" visitedSequencePoints="3" numBranchPoints="0" visitedBranchPoints="0" sequenceCoverage="100.0" branchCoverage="0" maxCyclomaticComplexity="0" minCyclomaticComplexity="0" maxCrapScore="0" minCrapScore="0" visitedClasses="0" numClasses="0" visitedMethods="1" numMethods="1" />
              <MetadataToken>100663344</MetadataToken>
              <Name>System.Void UnitySceneLoader::LoadScene(System.String)</Name>
              <FileRef uid="10" />
              <SequencePoints>
                <SequencePoint vc="2" uspid="1166" ordinal="0" offset="0" sl="10" sc="5" el="10" ec="5" bec="0" bev="0" fileid="10" />
                <SequencePoint vc="2" uspid="1167" ordinal="0" offset="1" sl="11" sc="9" el="11" ec="9" bec="0" bev="0" fileid="10" />
                <SequencePoint vc="2" uspid="1168" ordinal="0" offset="8" sl="12" sc="5" el="12" ec="5" bec="0" bev="0" fileid="10" />
              </SequencePoints>
              <BranchPoints />
            </Method>
          </Methods>
        </Class>
        <Class>
          <Summary numSequencePoints="8" visitedSequencePoints="8" numBranchPoints="0" visitedBranchPoints="0" sequenceCoverage="100.0" branchCoverage="0.0" maxCyclomaticComplexity="0" minCyclomaticComplexity="0" maxCrapScore="0" minCrapScore="0" visitedClasses="1" numClasses="1" visitedMethods="8" numMethods="8" />
          <FullName>GoNoGoManager/&lt;&gt;c</FullName>
          <Methods>
            <Method visited="true" cyclomaticComplexity="0" nPathComplexity="0" sequenceCoverage="100.0" branchCoverage="0" crapScore="0" isConstructor="false" isStatic="false" isGetter="false" isSetter="false">
              <Summary numSequencePoints="1" visitedSequencePoints="1" numBranchPoints="0" visitedBranchPoints="0" sequenceCoverage="100.0" branchCoverage="0" maxCyclomaticComplexity="0" minCyclomaticComplexity="0" maxCrapScore="0" minCrapScore="0" visitedClasses="0" numClasses="0" visitedMethods="1" numMethods="1" />
              <MetadataToken>100663355</MetadataToken>
              <Name>System.Boolean GoNoGoManager/&lt;&gt;c::&lt;ShowResults&gt;b__35_0(GoNoGoResult)</Name>
              <FileRef uid="7" />
              <SequencePoints>
                <SequencePoint vc="2" uspid="1195" ordinal="0" offset="0" sl="143" sc="43" el="143" ec="43" bec="0" bev="0" fileid="7" />
              </SequencePoints>
              <BranchPoints />
            </Method>
            <Method visited="true" cyclomaticComplexity="0" nPathComplexity="0" sequenceCoverage="100.0" branchCoverage="0" crapScore="0" isConstructor="false" isStatic="false" isGetter="false" isSetter="false">
              <Summary numSequencePoints="1" visitedSequencePoints="1" numBranchPoints="0" visitedBranchPoints="0" sequenceCoverage="100.0" branchCoverage="0" maxCyclomaticComplexity="0" minCyclomaticComplexity="0" maxCrapScore="0" minCrapScore="0" visitedClasses="0" numClasses="0" visitedMethods="1" numMethods="1" />
              <MetadataToken>100663356</MetadataToken>
              <Name>System.Boolean GoNoGoManager/&lt;&gt;c::&lt;ShowResults&gt;b__35_1(GoNoGoResult)</Name>
              <FileRef uid="7" />
              <SequencePoints>
                <SequencePoint vc="2" uspid="1196" ordinal="0" offset="0" sl="144" sc="45" el="144" ec="45" bec="0" bev="0" fileid="7" />
              </SequencePoints>
              <BranchPoints />
            </Method>
            <Method visited="true" cyclomaticComplexity="0" nPathComplexity="0" sequenceCoverage="100.0" branchCoverage="0" crapScore="0" isConstructor="false" isStatic="false" isGetter="false" isSetter="false">
              <Summary numSequencePoints="1" visitedSequencePoints="1" numBranchPoints="0" visitedBranchPoints="0" sequenceCoverage="100.0" branchCoverage="0" maxCyclomaticComplexity="0" minCyclomaticComplexity="0" maxCrapScore="0" minCrapScore="0" visitedClasses="0" numClasses="0" visitedMethods="1" numMethods="1" />
              <MetadataToken>100663357</MetadataToken>
              <Name>System.Boolean GoNoGoManager/&lt;&gt;c::&lt;ShowResults&gt;b__35_2(GoNoGoResult)</Name>
              <FileRef uid="7" />
              <SequencePoints>
                <SequencePoint vc="2" uspid="1197" ordinal="0" offset="0" sl="145" sc="40" el="145" ec="40" bec="0" bev="0" fileid="7" />
              </SequencePoints>
              <BranchPoints />
            </Method>
            <Method visited="true" cyclomaticComplexity="0" nPathComplexity="0" sequenceCoverage="100.0" branchCoverage="0" crapScore="0" isConstructor="false" isStatic="false" isGetter="false" isSetter="false">
              <Summary numSequencePoints="1" visitedSequencePoints="1" numBranchPoints="0" visitedBranchPoints="0" sequenceCoverage="100.0" branchCoverage="0" maxCyclomaticComplexity="0" minCyclomaticComplexity="0" maxCrapScore="0" minCrapScore="0" visitedClasses="0" numClasses="0" visitedMethods="1" numMethods="1" />
              <MetadataToken>100663358</MetadataToken>
              <Name>System.Boolean GoNoGoManager/&lt;&gt;c::&lt;ShowResults&gt;b__35_3(GoNoGoResult)</Name>
              <FileRef uid="7" />
              <SequencePoints>
                <SequencePoint vc="2" uspid="1198" ordinal="0" offset="0" sl="146" sc="42" el="146" ec="42" bec="0" bev="0" fileid="7" />
              </SequencePoints>
              <BranchPoints />
            </Method>
            <Method visited="true" cyclomaticComplexity="0" nPathComplexity="0" sequenceCoverage="100.0" branchCoverage="0" crapScore="0" isConstructor="false" isStatic="false" isGetter="false" isSetter="false">
              <Summary numSequencePoints="1" visitedSequencePoints="1" numBranchPoints="0" visitedBranchPoints="0" sequenceCoverage="100.0" branchCoverage="0" maxCyclomaticComplexity="0" minCyclomaticComplexity="0" maxCrapScore="0" minCrapScore="0" visitedClasses="0" numClasses="0" visitedMethods="1" numMethods="1" />
              <MetadataToken>100663359</MetadataToken>
              <Name>System.Boolean GoNoGoManager/&lt;&gt;c::&lt;ShowResults&gt;b__35_4(GoNoGoResult)</Name>
              <FileRef uid="7" />
              <SequencePoints>
                <SequencePoint vc="2" uspid="1199" ordinal="0" offset="0" sl="147" sc="47" el="147" ec="47" bec="0" bev="0" fileid="7" />
              </SequencePoints>
              <BranchPoints />
            </Method>
            <Method visited="true" cyclomaticComplexity="0" nPathComplexity="0" sequenceCoverage="100.0" branchCoverage="0" crapScore="0" isConstructor="false" isStatic="false" isGetter="false" isSetter="false">
              <Summary numSequencePoints="1" visitedSequencePoints="1" numBranchPoints="0" visitedBranchPoints="0" sequenceCoverage="100.0" branchCoverage="0" maxCyclomaticComplexity="0" minCyclomaticComplexity="0" maxCrapScore="0" minCrapScore="0" visitedClasses="0" numClasses="0" visitedMethods="1" numMethods="1" />
              <MetadataToken>100663360</MetadataToken>
              <Name>System.Boolean GoNoGoManager/&lt;&gt;c::&lt;ShowResults&gt;b__35_5(GoNoGoResult)</Name>
              <FileRef uid="7" />
              <SequencePoints>
                <SequencePoint vc="2" uspid="1200" ordinal="0" offset="0" sl="148" sc="53" el="148" ec="53" bec="0" bev="0" fileid="7" />
              </SequencePoints>
              <BranchPoints />
            </Method>
            <Method visited="true" cyclomaticComplexity="0" nPathComplexity="0" sequenceCoverage="100.0" branchCoverage="0" crapScore="0" isConstructor="false" isStatic="false" isGetter="false" isSetter="false">
              <Summary numSequencePoints="1" visitedSequencePoints="1" numBranchPoints="0" visitedBranchPoints="0" sequenceCoverage="100.0" branchCoverage="0" maxCyclomaticComplexity="0" minCyclomaticComplexity="0" maxCrapScore="0" minCrapScore="0" visitedClasses="0" numClasses="0" visitedMethods="1" numMethods="1" />
              <MetadataToken>100663361</MetadataToken>
              <Name>System.Boolean GoNoGoManager/&lt;&gt;c::&lt;ShowResults&gt;b__35_6(GoNoGoResult)</Name>
              <FileRef uid="7" />
              <SequencePoints>
                <SequencePoint vc="2" uspid="1201" ordinal="0" offset="0" sl="151" sc="25" el="151" ec="25" bec="0" bev="0" fileid="7" />
              </SequencePoints>
              <BranchPoints />
            </Method>
            <Method visited="true" cyclomaticComplexity="0" nPathComplexity="0" sequenceCoverage="100.0" branchCoverage="0" crapScore="0" isConstructor="false" isStatic="false" isGetter="false" isSetter="false">
              <Summary numSequencePoints="1" visitedSequencePoints="1" numBranchPoints="0" visitedBranchPoints="0" sequenceCoverage="100.0" branchCoverage="0" maxCyclomaticComplexity="0" minCyclomaticComplexity="0" maxCrapScore="0" minCrapScore="0" visitedClasses="0" numClasses="0" visitedMethods="1" numMethods="1" />
              <MetadataToken>100663363</MetadataToken>
              <Name>System.Boolean GoNoGoManager/&lt;&gt;c::&lt;ShowResults&gt;b__35_8(GoNoGoResult)</Name>
              <FileRef uid="7" />
              <SequencePoints>
                <SequencePoint vc="2" uspid="1203" ordinal="0" offset="0" sl="164" sc="77" el="164" ec="77" bec="0" bev="0" fileid="7" />
              </SequencePoints>
              <BranchPoints />
            </Method>
          </Methods>
        </Class>
        <Class>
          <Summary numSequencePoints="37" visitedSequencePoints="37" numBranchPoints="0" visitedBranchPoints="0" sequenceCoverage="100.0" branchCoverage="0.0" maxCyclomaticComplexity="0" minCyclomaticComplexity="0" maxCrapScore="0" minCrapScore="0" visitedClasses="1" numClasses="1" visitedMethods="1" numMethods="1" />
          <FullName>GoNoGoManager/&lt;GameSequence&gt;d__32</FullName>
          <Methods>
            <Method visited="true" cyclomaticComplexity="0" nPathComplexity="0" sequenceCoverage="100.0" branchCoverage="0" crapScore="0" isConstructor="false" isStatic="false" isGetter="false" isSetter="false">
              <Summary numSequencePoints="37" visitedSequencePoints="37" numBranchPoints="0" visitedBranchPoints="0" sequenceCoverage="100.0" branchCoverage="0" maxCyclomaticComplexity="0" minCyclomaticComplexity="0" maxCrapScore="0" minCrapScore="0" visitedClasses="0" numClasses="0" visitedMethods="1" numMethods="1" />
              <MetadataToken>100663372</MetadataToken>
              <Name>System.Boolean GoNoGoManager/&lt;GameSequence&gt;d__32::MoveNext()</Name>
              <FileRef uid="7" />
              <SequencePoints>
                <SequencePoint vc="1" uspid="1210" ordinal="0" offset="54" sl="58" sc="5" el="58" ec="5" bec="0" bev="0" fileid="7" />
                <SequencePoint vc="1" uspid="1211" ordinal="0" offset="55" sl="60" sc="14" el="60" ec="14" bec="0" bev="0" fileid="7" />
                <SequencePoint vc="1" uspid="1212" ordinal="0" offset="74" sl="61" sc="9" el="61" ec="9" bec="0" bev="0" fileid="7" />
                <SequencePoint vc="1" uspid="1213" ordinal="0" offset="75" sl="62" sc="13" el="62" ec="13" bec="0" bev="0" fileid="7" />
                <SequencePoint vc="1" uspid="1214" ordinal="0" offset="96" sl="62" sc="40" el="62" ec="40" bec="0" bev="0" fileid="7" />
                <SequencePoint vc="1" uspid="1215" ordinal="0" offset="124" sl="63" sc="13" el="63" ec="13" bec="0" bev="0" fileid="7" />
                <SequencePoint vc="1" uspid="1216" ordinal="0" offset="156" sl="64" sc="9" el="64" ec="9" bec="0" bev="0" fileid="7" />
                <SequencePoint vc="1" uspid="1217" ordinal="0" offset="157" sl="60" sc="48" el="60" ec="48" bec="0" bev="0" fileid="7" />
                <SequencePoint vc="2" uspid="1218" ordinal="0" offset="173" sl="60" sc="41" el="60" ec="41" bec="0" bev="0" fileid="7" />
                <SequencePoint vc="1" uspid="1219" ordinal="0" offset="186" sl="66" sc="9" el="66" ec="9" bec="0" bev="0" fileid="7" />
                <SequencePoint vc="1" uspid="1220" ordinal="0" offset="209" sl="66" sc="36" el="66" ec="36" bec="0" bev="0" fileid="7" />
                <SequencePoint vc="1" uspid="1221" ordinal="0" offset="231" sl="67" sc="9" el="67" ec="9" bec="0" bev="0" fileid="7" />
                <SequencePoint vc="1" uspid="1222" ordinal="0" offset="263" sl="68" sc="9" el="68" ec="9" bec="0" bev="0" fileid="7" />
                <SequencePoint vc="1" uspid="1223" ordinal="0" offset="286" sl="68" sc="36" el="68" ec="36" bec="0" bev="0" fileid="7" />
                <SequencePoint vc="1" uspid="1224" ordinal="0" offset="309" sl="71" sc="9" el="71" ec="9" bec="0" bev="0" fileid="7" />
                <SequencePoint vc="1" uspid="1225" ordinal="0" offset="321" sl="72" sc="9" el="72" ec="9" bec="0" bev="0" fileid="7" />
                <SequencePoint vc="1" uspid="1226" ordinal="0" offset="343" sl="73" sc="9" el="73" ec="9" bec="0" bev="0" fileid="7" />
                <SequencePoint vc="204" uspid="1227" ordinal="0" offset="359" sl="76" sc="9" el="76" ec="9" bec="0" bev="0" fileid="7" />
                <SequencePoint vc="204" uspid="1228" ordinal="0" offset="360" sl="77" sc="13" el="77" ec="13" bec="0" bev="0" fileid="7" />
                <SequencePoint vc="204" uspid="1229" ordinal="0" offset="388" sl="78" sc="13" el="78" ec="13" bec="0" bev="0" fileid="7" />
                <SequencePoint vc="204" uspid="1230" ordinal="0" offset="406" sl="80" sc="13" el="80" ec="13" bec="0" bev="0" fileid="7" />
                <SequencePoint vc="204" uspid="1231" ordinal="0" offset="429" sl="81" sc="13" el="81" ec="13" bec="0" bev="0" fileid="7" />
                <SequencePoint vc="204" uspid="1232" ordinal="0" offset="430" sl="82" sc="17" el="82" ec="17" bec="0" bev="0" fileid="7" />
                <SequencePoint vc="204" uspid="1233" ordinal="0" offset="471" sl="83" sc="13" el="83" ec="13" bec="0" bev="0" fileid="7" />
                <SequencePoint vc="204" uspid="1234" ordinal="0" offset="472" sl="85" sc="13" el="85" ec="13" bec="0" bev="0" fileid="7" />
                <SequencePoint vc="3" uspid="1235" ordinal="0" offset="494" sl="86" sc="13" el="86" ec="13" bec="0" bev="0" fileid="7" />
                <SequencePoint vc="3" uspid="1236" ordinal="0" offset="495" sl="87" sc="17" el="87" ec="17" bec="0" bev="0" fileid="7" />
                <SequencePoint vc="3" uspid="1237" ordinal="0" offset="507" sl="88" sc="17" el="88" ec="17" bec="0" bev="0" fileid="7" />
                <SequencePoint vc="3" uspid="1238" ordinal="0" offset="524" sl="89" sc="13" el="89" ec="13" bec="0" bev="0" fileid="7" />
                <SequencePoint vc="204" uspid="1239" ordinal="0" offset="525" sl="91" sc="13" el="91" ec="13" bec="0" bev="0" fileid="7" />
                <SequencePoint vc="204" uspid="1240" ordinal="0" offset="548" sl="92" sc="9" el="92" ec="9" bec="0" bev="0" fileid="7" />
                <SequencePoint vc="205" uspid="1241" ordinal="0" offset="549" sl="75" sc="9" el="75" ec="9" bec="0" bev="0" fileid="7" />
                <SequencePoint vc="1" uspid="1242" ordinal="0" offset="576" sl="95" sc="9" el="95" ec="9" bec="0" bev="0" fileid="7" />
                <SequencePoint vc="1" uspid="1243" ordinal="0" offset="588" sl="96" sc="9" el="96" ec="9" bec="0" bev="0" fileid="7" />
                <SequencePoint vc="1" uspid="1244" ordinal="0" offset="611" sl="96" sc="32" el="96" ec="32" bec="0" bev="0" fileid="7" />
                <SequencePoint vc="1" uspid="1245" ordinal="0" offset="633" sl="98" sc="9" el="98" ec="9" bec="0" bev="0" fileid="7" />
                <SequencePoint vc="1" uspid="1246" ordinal="0" offset="645" sl="99" sc="5" el="99" ec="5" bec="0" bev="0" fileid="7" />
              </SequencePoints>
              <BranchPoints />
            </Method>
          </Methods>
        </Class>
      </Classes>
    </Module>
  </Modules>
</CoverageSession>