<?xml version="1.0" encoding="utf-8"?>
<CoverageSession xmlns:xsd="http://www.w3.org/2001/XMLSchema" xmlns:xsi="http://www.w3.org/2001/XMLSchema-instance" Version="0.0.0.0">
  <Summary numSequencePoints="525" visitedSequencePoints="520" numBranchPoints="0" visitedBranchPoints="0" sequenceCoverage="99.05" branchCoverage="0.0" maxCyclomaticComplexity="0" minCyclomaticComplexity="0" maxCrapScore="0" minCrapScore="0" visitedClasses="13" numClasses="13" visitedMethods="111" numMethods="111" />
  <Modules>
    <Module>
      <Summary numSequencePoints="389" visitedSequencePoints="389" numBranchPoints="0" visitedBranchPoints="0" sequenceCoverage="100.0" branchCoverage="0.0" maxCyclomaticComplexity="0" minCyclomaticComplexity="0" maxCrapScore="0" minCrapScore="0" visitedClasses="7" numClasses="7" visitedMethods="63" numMethods="63" />
      <ModuleTime>0001-01-01T00:00:00</ModuleTime>
      <ModuleName>EditModeTests</ModuleName>
      <Files>
        <File uid="1" fullPath="S:/@BIKIN GAMEEEEE/NeuroBuddy/neurobuddy-fe/Assets/Tests/EditMode/GoNoGoItemTest.cs" />
        <File uid="2" fullPath="S:/@BIKIN GAMEEEEE/NeuroBuddy/neurobuddy-fe/Assets/Tests/EditMode/GoNoGoManagerTest.cs" />
        <File uid="3" fullPath="S:/@BIKIN GAMEEEEE/NeuroBuddy/neurobuddy-fe/Assets/Tests/EditMode/GoNoGoResultTest.cs" />
        <File uid="4" fullPath="S:/@BIKIN GAMEEEEE/NeuroBuddy/neurobuddy-fe/Assets/Tests/EditMode/MenuNavigatorTest.cs" />
        <File uid="5" fullPath="S:/@BIKIN GAMEEEEE/NeuroBuddy/neurobuddy-fe/Assets/Tests/EditMode/SessionCodeEntryTest.cs" />
      </Files>
      <Classes>
        <Class>
          <Summary numSequencePoints="59" visitedSequencePoints="59" numBranchPoints="0" visitedBranchPoints="0" sequenceCoverage="100.0" branchCoverage="0.0" maxCyclomaticComplexity="0" minCyclomaticComplexity="0" maxCrapScore="0" minCrapScore="0" visitedClasses="1" numClasses="1" visitedMethods="7" numMethods="7" />
          <FullName>GoNoGoItemTest</FullName>
          <Methods>
            <Method visited="true" cyclomaticComplexity="0" nPathComplexity="0" sequenceCoverage="100.0" branchCoverage="0" crapScore="0" isConstructor="false" isStatic="false" isGetter="false" isSetter="false">
              <Summary numSequencePoints="4" visitedSequencePoints="4" numBranchPoints="0" visitedBranchPoints="0" sequenceCoverage="100.0" branchCoverage="0" maxCyclomaticComplexity="0" minCyclomaticComplexity="0" maxCrapScore="0" minCrapScore="0" visitedClasses="0" numClasses="0" visitedMethods="1" numMethods="1" />
              <MetadataToken>100663297</MetadataToken>
              <Name>GoNoGoManager GoNoGoItemTest::CreateManager()</Name>
              <FileRef uid="1" />
              <SequencePoints>
                <SequencePoint vc="5" uspid="1882" ordinal="0" offset="0" sl="10" sc="5" el="10" ec="5" bec="0" bev="0" fileid="1" />
                <SequencePoint vc="5" uspid="1883" ordinal="0" offset="1" sl="11" sc="9" el="11" ec="9" bec="0" bev="0" fileid="1" />
                <SequencePoint vc="5" uspid="1884" ordinal="0" offset="12" sl="12" sc="9" el="12" ec="9" bec="0" bev="0" fileid="1" />
                <SequencePoint vc="5" uspid="1885" ordinal="0" offset="21" sl="13" sc="5" el="13" ec="5" bec="0" bev="0" fileid="1" />
              </SequencePoints>
              <BranchPoints />
            </Method>
            <Method visited="true" cyclomaticComplexity="0" nPathComplexity="0" sequenceCoverage="100.0" branchCoverage="0" crapScore="0" isConstructor="false" isStatic="false" isGetter="false" isSetter="false">
              <Summary numSequencePoints="6" visitedSequencePoints="6" numBranchPoints="0" visitedBranchPoints="0" sequenceCoverage="100.0" branchCoverage="0" maxCyclomaticComplexity="0" minCyclomaticComplexity="0" maxCrapScore="0" minCrapScore="0" visitedClasses="0" numClasses="0" visitedMethods="1" numMethods="1" />
              <MetadataToken>100663298</MetadataToken>
              <Name>GoNoGoItem GoNoGoItemTest::CreateItem(GoNoGoManager)</Name>
              <FileRef uid="1" />
              <SequencePoints>
                <SequencePoint vc="5" uspid="1886" ordinal="0" offset="0" sl="16" sc="5" el="16" ec="5" bec="0" bev="0" fileid="1" />
                <SequencePoint vc="5" uspid="1887" ordinal="0" offset="1" sl="17" sc="9" el="17" ec="9" bec="0" bev="0" fileid="1" />
                <SequencePoint vc="5" uspid="1888" ordinal="0" offset="12" sl="18" sc="9" el="18" ec="9" bec="0" bev="0" fileid="1" />
                <SequencePoint vc="5" uspid="1889" ordinal="0" offset="30" sl="19" sc="9" el="19" ec="9" bec="0" bev="0" fileid="1" />
                <SequencePoint vc="5" uspid="1890" ordinal="0" offset="37" sl="20" sc="9" el="20" ec="9" bec="0" bev="0" fileid="1" />
                <SequencePoint vc="5" uspid="1891" ordinal="0" offset="46" sl="21" sc="5" el="21" ec="5" bec="0" bev="0" fileid="1" />
              </SequencePoints>
              <BranchPoints />
            </Method>
            <Method visited="true" cyclomaticComplexity="0" nPathComplexity="0" sequenceCoverage="100.0" branchCoverage="0" crapScore="0" isConstructor="false" isStatic="false" isGetter="false" isSetter="false">
              <Summary numSequencePoints="8" visitedSequencePoints="8" numBranchPoints="0" visitedBranchPoints="0" sequenceCoverage="100.0" branchCoverage="0" maxCyclomaticComplexity="0" minCyclomaticComplexity="0" maxCrapScore="0" minCrapScore="0" visitedClasses="0" numClasses="0" visitedMethods="1" numMethods="1" />
              <MetadataToken>100663299</MetadataToken>
              <Name>System.Void GoNoGoItemTest::Initialize_ShouldSetProperties()</Name>
              <FileRef uid="1" />
              <SequencePoints>
                <SequencePoint vc="1" uspid="1892" ordinal="0" offset="0" sl="25" sc="5" el="25" ec="5" bec="0" bev="0" fileid="1" />
                <SequencePoint vc="1" uspid="1893" ordinal="0" offset="1" sl="26" sc="9" el="26" ec="9" bec="0" bev="0" fileid="1" />
                <SequencePoint vc="1" uspid="1894" ordinal="0" offset="8" sl="27" sc="9" el="27" ec="9" bec="0" bev="0" fileid="1" />
                <SequencePoint vc="1" uspid="1895" ordinal="0" offset="16" sl="29" sc="9" el="29" ec="9" bec="0" bev="0" fileid="1" />
                <SequencePoint vc="1" uspid="1896" ordinal="0" offset="30" sl="31" sc="9" el="31" ec="9" bec="0" bev="0" fileid="1" />
                <SequencePoint vc="1" uspid="1897" ordinal="0" offset="42" sl="32" sc="9" el="32" ec="9" bec="0" bev="0" fileid="1" />
                <SequencePoint vc="1" uspid="1898" ordinal="0" offset="54" sl="34" sc="9" el="34" ec="9" bec="0" bev="0" fileid="1" />
                <SequencePoint vc="1" uspid="1899" ordinal="0" offset="66" sl="35" sc="5" el="35" ec="5" bec="0" bev="0" fileid="1" />
              </SequencePoints>
              <BranchPoints />
            </Method>
            <Method visited="true" cyclomaticComplexity="0" nPathComplexity="0" sequenceCoverage="100.0" branchCoverage="0" crapScore="0" isConstructor="false" isStatic="false" isGetter="false" isSetter="false">
              <Summary numSequencePoints="10" visitedSequencePoints="10" numBranchPoints="0" visitedBranchPoints="0" sequenceCoverage="100.0" branchCoverage="0" maxCyclomaticComplexity="0" minCyclomaticComplexity="0" maxCrapScore="0" minCrapScore="0" visitedClasses="0" numClasses="0" visitedMethods="1" numMethods="1" />
              <MetadataToken>100663300</MetadataToken>
              <Name>System.Void GoNoGoItemTest::OnTapped_ShouldRecordResultAndDestroy()</Name>
              <FileRef uid="1" />
              <SequencePoints>
                <SequencePoint vc="1" uspid="1900" ordinal="0" offset="0" sl="39" sc="5" el="39" ec="5" bec="0" bev="0" fileid="1" />
                <SequencePoint vc="1" uspid="1901" ordinal="0" offset="1" sl="40" sc="9" el="40" ec="9" bec="0" bev="0" fileid="1" />
                <SequencePoint vc="1" uspid="1902" ordinal="0" offset="8" sl="41" sc="9" el="41" ec="9" bec="0" bev="0" fileid="1" />
                <SequencePoint vc="1" uspid="1903" ordinal="0" offset="16" sl="42" sc="9" el="42" ec="9" bec="0" bev="0" fileid="1" />
                <SequencePoint vc="1" uspid="1904" ordinal="0" offset="30" sl="44" sc="9" el="44" ec="9" bec="0" bev="0" fileid="1" />
                <SequencePoint vc="1" uspid="1905" ordinal="0" offset="37" sl="46" sc="9" el="46" ec="9" bec="0" bev="0" fileid="1" />
                <SequencePoint vc="1" uspid="1906" ordinal="0" offset="65" sl="47" sc="9" el="47" ec="9" bec="0" bev="0" fileid="1" />
                <SequencePoint vc="1" uspid="1907" ordinal="0" offset="88" sl="48" sc="9" el="48" ec="9" bec="0" bev="0" fileid="1" />
                <SequencePoint vc="1" uspid="1908" ordinal="0" offset="111" sl="50" sc="9" el="50" ec="9" bec="0" bev="0" fileid="1" />
                <SequencePoint vc="1" uspid="1909" ordinal="0" offset="123" sl="51" sc="5" el="51" ec="5" bec="0" bev="0" fileid="1" />
              </SequencePoints>
              <BranchPoints />
            </Method>
            <Method visited="true" cyclomaticComplexity="0" nPathComplexity="0" sequenceCoverage="100.0" branchCoverage="0" crapScore="0" isConstructor="false" isStatic="false" isGetter="false" isSetter="false">
              <Summary numSequencePoints="10" visitedSequencePoints="10" numBranchPoints="0" visitedBranchPoints="0" sequenceCoverage="100.0" branchCoverage="0" maxCyclomaticComplexity="0" minCyclomaticComplexity="0" maxCrapScore="0" minCrapScore="0" visitedClasses="0" numClasses="0" visitedMethods="1" numMethods="1" />
              <MetadataToken>100663301</MetadataToken>
              <Name>System.Void GoNoGoItemTest::OnTapped_WhenAlreadyTapped_ShouldDoNothing()</Name>
              <FileRef uid="1" />
              <SequencePoints>
                <SequencePoint vc="1" uspid="1910" ordinal="0" offset="0" sl="55" sc="5" el="55" ec="5" bec="0" bev="0" fileid="1" />
                <SequencePoint vc="1" uspid="1911" ordinal="0" offset="1" sl="56" sc="9" el="56" ec="9" bec="0" bev="0" fileid="1" />
                <SequencePoint vc="1" uspid="1912" ordinal="0" offset="8" sl="57" sc="9" el="57" ec="9" bec="0" bev="0" fileid="1" />
                <SequencePoint vc="1" uspid="1913" ordinal="0" offset="16" sl="58" sc="9" el="58" ec="9" bec="0" bev="0" fileid="1" />
                <SequencePoint vc="1" uspid="1914" ordinal="0" offset="30" sl="61" sc="9" el="61" ec="9" bec="0" bev="0" fileid="1" />
                <SequencePoint vc="1" uspid="1915" ordinal="0" offset="53" sl="62" sc="9" el="62" ec="9" bec="0" bev="0" fileid="1" />
                <SequencePoint vc="1" uspid="1916" ordinal="0" offset="67" sl="64" sc="9" el="64" ec="9" bec="0" bev="0" fileid="1" />
                <SequencePoint vc="1" uspid="1917" ordinal="0" offset="74" sl="66" sc="9" el="66" ec="9" bec="0" bev="0" fileid="1" />
                <SequencePoint vc="1" uspid="1918" ordinal="0" offset="102" sl="68" sc="9" el="68" ec="9" bec="0" bev="0" fileid="1" />
                <SequencePoint vc="1" uspid="1919" ordinal="0" offset="114" sl="69" sc="5" el="69" ec="5" bec="0" bev="0" fileid="1" />
              </SequencePoints>
              <BranchPoints />
            </Method>
            <Method visited="true" cyclomaticComplexity="0" nPathComplexity="0" sequenceCoverage="100.0" branchCoverage="0" crapScore="0" isConstructor="false" isStatic="false" isGetter="false" isSetter="false">
              <Summary numSequencePoints="12" visitedSequencePoints="12" numBranchPoints="0" visitedBranchPoints="0" sequenceCoverage="100.0" branchCoverage="0" maxCyclomaticComplexity="0" minCyclomaticComplexity="0" maxCrapScore="0" minCrapScore="0" visitedClasses="0" numClasses="0" visitedMethods="1" numMethods="1" />
              <MetadataToken>100663302</MetadataToken>
              <Name>System.Void GoNoGoItemTest::Update_WhenExpired_ShouldRecordMissAndDestroy()</Name>
              <FileRef uid="1" />
              <SequencePoints>
                <SequencePoint vc="1" uspid="1920" ordinal="0" offset="0" sl="73" sc="5" el="73" ec="5" bec="0" bev="0" fileid="1" />
                <SequencePoint vc="1" uspid="1921" ordinal="0" offset="1" sl="74" sc="9" el="74" ec="9" bec="0" bev="0" fileid="1" />
                <SequencePoint vc="1" uspid="1922" ordinal="0" offset="8" sl="75" sc="9" el="75" ec="9" bec="0" bev="0" fileid="1" />
                <SequencePoint vc="1" uspid="1923" ordinal="0" offset="16" sl="76" sc="9" el="76" ec="9" bec="0" bev="0" fileid="1" />
                <SequencePoint vc="1" uspid="1924" ordinal="0" offset="30" sl="79" sc="9" el="79" ec="9" bec="0" bev="0" fileid="1" />
                <SequencePoint vc="1" uspid="1925" ordinal="0" offset="53" sl="80" sc="9" el="80" ec="9" bec="0" bev="0" fileid="1" />
                <SequencePoint vc="1" uspid="1926" ordinal="0" offset="77" sl="83" sc="9" el="83" ec="9" bec="0" bev="0" fileid="1" />
                <SequencePoint vc="1" uspid="1927" ordinal="0" offset="100" sl="84" sc="9" el="84" ec="9" bec="0" bev="0" fileid="1" />
                <SequencePoint vc="1" uspid="1928" ordinal="0" offset="109" sl="86" sc="9" el="86" ec="9" bec="0" bev="0" fileid="1" />
                <SequencePoint vc="1" uspid="1929" ordinal="0" offset="137" sl="87" sc="9" el="87" ec="9" bec="0" bev="0" fileid="1" />
                <SequencePoint vc="1" uspid="1930" ordinal="0" offset="160" sl="89" sc="9" el="89" ec="9" bec="0" bev="0" fileid="1" />
                <SequencePoint vc="1" uspid="1931" ordinal="0" offset="172" sl="90" sc="5" el="90" ec="5" bec="0" bev="0" fileid="1" />
              </SequencePoints>
              <BranchPoints />
            </Method>
            <Method visited="true" cyclomaticComplexity="0" nPathComplexity="0" sequenceCoverage="100.0" branchCoverage="0" crapScore="0" isConstructor="false" isStatic="false" isGetter="false" isSetter="false">
              <Summary numSequencePoints="9" visitedSequencePoints="9" numBranchPoints="0" visitedBranchPoints="0" sequenceCoverage="100.0" branchCoverage="0" maxCyclomaticComplexity="0" minCyclomaticComplexity="0" maxCrapScore="0" minCrapScore="0" visitedClasses="0" numClasses="0" visitedMethods="1" numMethods="1" />
              <MetadataToken>100663303</MetadataToken>
              <Name>System.Void GoNoGoItemTest::Update_WhenNotExpired_ShouldDoNothing()</Name>
              <FileRef uid="1" />
              <SequencePoints>
                <SequencePoint vc="1" uspid="1932" ordinal="0" offset="0" sl="94" sc="5" el="94" ec="5" bec="0" bev="0" fileid="1" />
                <SequencePoint vc="1" uspid="1933" ordinal="0" offset="1" sl="95" sc="9" el="95" ec="9" bec="0" bev="0" fileid="1" />
                <SequencePoint vc="1" uspid="1934" ordinal="0" offset="8" sl="96" sc="9" el="96" ec="9" bec="0" bev="0" fileid="1" />
                <SequencePoint vc="1" uspid="1935" ordinal="0" offset="16" sl="97" sc="9" el="97" ec="9" bec="0" bev="0" fileid="1" />
                <SequencePoint vc="1" uspid="1936" ordinal="0" offset="30" sl="100" sc="9" el="100" ec="9" bec="0" bev="0" fileid="1" />
                <SequencePoint vc="1" uspid="1937" ordinal="0" offset="53" sl="101" sc="9" el="101" ec="9" bec="0" bev="0" fileid="1" />
                <SequencePoint vc="1" uspid="1938" ordinal="0" offset="62" sl="103" sc="9" el="103" ec="9" bec="0" bev="0" fileid="1" />
                <SequencePoint vc="1" uspid="1939" ordinal="0" offset="90" sl="105" sc="9" el="105" ec="9" bec="0" bev="0" fileid="1" />
                <SequencePoint vc="1" uspid="1940" ordinal="0" offset="102" sl="106" sc="5" el="106" ec="5" bec="0" bev="0" fileid="1" />
              </SequencePoints>
              <BranchPoints />
            </Method>
          </Methods>
        </Class>
        <Class>
          <Summary numSequencePoints="86" visitedSequencePoints="86" numBranchPoints="0" visitedBranchPoints="0" sequenceCoverage="100.0" branchCoverage="0.0" maxCyclomaticComplexity="0" minCyclomaticComplexity="0" maxCrapScore="0" minCrapScore="0" visitedClasses="1" numClasses="1" visitedMethods="12" numMethods="12" />
          <FullName>GoNoGoManagerTest</FullName>
          <Methods>
            <Method visited="true" cyclomaticComplexity="0" nPathComplexity="0" sequenceCoverage="100.0" branchCoverage="0" crapScore="0" isConstructor="false" isStatic="false" isGetter="false" isSetter="false">
              <Summary numSequencePoints="4" visitedSequencePoints="4" numBranchPoints="0" visitedBranchPoints="0" sequenceCoverage="100.0" branchCoverage="0" maxCyclomaticComplexity="0" minCyclomaticComplexity="0" maxCrapScore="0" minCrapScore="0" visitedClasses="0" numClasses="0" visitedMethods="1" numMethods="1" />
              <MetadataToken>100663305</MetadataToken>
              <Name>GoNoGoManager GoNoGoManagerTest::CreateManager()</Name>
              <FileRef uid="2" />
              <SequencePoints>
                <SequencePoint vc="10" uspid="1941" ordinal="0" offset="0" sl="10" sc="5" el="10" ec="5" bec="0" bev="0" fileid="2" />
                <SequencePoint vc="10" uspid="1942" ordinal="0" offset="1" sl="11" sc="9" el="11" ec="9" bec="0" bev="0" fileid="2" />
                <SequencePoint vc="10" uspid="1943" ordinal="0" offset="7" sl="12" sc="9" el="12" ec="9" bec="0" bev="0" fileid="2" />
                <SequencePoint vc="10" uspid="1944" ordinal="0" offset="16" sl="13" sc="5" el="13" ec="5" bec="0" bev="0" fileid="2" />
              </SequencePoints>
              <BranchPoints />
            </Method>
            <Method visited="true" cyclomaticComplexity="0" nPathComplexity="0" sequenceCoverage="100.0" branchCoverage="0" crapScore="0" isConstructor="false" isStatic="false" isGetter="false" isSetter="false">
              <Summary numSequencePoints="3" visitedSequencePoints="3" numBranchPoints="0" visitedBranchPoints="0" sequenceCoverage="100.0" branchCoverage="0" maxCyclomaticComplexity="0" minCyclomaticComplexity="0" maxCrapScore="0" minCrapScore="0" visitedClasses="0" numClasses="0" visitedMethods="1" numMethods="1" />
              <MetadataToken>100663306</MetadataToken>
              <Name>System.Void GoNoGoManagerTest::DestroyManager(GoNoGoManager)</Name>
              <FileRef uid="2" />
              <SequencePoints>
                <SequencePoint vc="10" uspid="1945" ordinal="0" offset="0" sl="16" sc="5" el="16" ec="5" bec="0" bev="0" fileid="2" />
                <SequencePoint vc="10" uspid="1946" ordinal="0" offset="1" sl="17" sc="9" el="17" ec="9" bec="0" bev="0" fileid="2" />
                <SequencePoint vc="10" uspid="1947" ordinal="0" offset="13" sl="18" sc="5" el="18" ec="5" bec="0" bev="0" fileid="2" />
              </SequencePoints>
              <BranchPoints />
            </Method>
            <Method visited="true" cyclomaticComplexity="0" nPathComplexity="0" sequenceCoverage="100.0" branchCoverage="0" crapScore="0" isConstructor="false" isStatic="false" isGetter="false" isSetter="false">
              <Summary numSequencePoints="8" visitedSequencePoints="8" numBranchPoints="0" visitedBranchPoints="0" sequenceCoverage="100.0" branchCoverage="0" maxCyclomaticComplexity="0" minCyclomaticComplexity="0" maxCrapScore="0" minCrapScore="0" visitedClasses="0" numClasses="0" visitedMethods="1" numMethods="1" />
              <MetadataToken>100663307</MetadataToken>
              <Name>System.Void GoNoGoManagerTest::RecordResult_ShouldAddToResultsList()</Name>
              <FileRef uid="2" />
              <SequencePoints>
                <SequencePoint vc="1" uspid="1948" ordinal="0" offset="0" sl="22" sc="5" el="22" ec="5" bec="0" bev="0" fileid="2" />
                <SequencePoint vc="1" uspid="1949" ordinal="0" offset="1" sl="23" sc="9" el="23" ec="9" bec="0" bev="0" fileid="2" />
                <SequencePoint vc="1" uspid="1950" ordinal="0" offset="8" sl="24" sc="9" el="24" ec="9" bec="0" bev="0" fileid="2" />
                <SequencePoint vc="1" uspid="1951" ordinal="0" offset="26" sl="26" sc="9" el="26" ec="9" bec="0" bev="0" fileid="2" />
                <SequencePoint vc="1" uspid="1952" ordinal="0" offset="34" sl="28" sc="9" el="28" ec="9" bec="0" bev="0" fileid="2" />
                <SequencePoint vc="1" uspid="1953" ordinal="0" offset="62" sl="29" sc="9" el="29" ec="9" bec="0" bev="0" fileid="2" />
                <SequencePoint vc="1" uspid="1954" ordinal="0" offset="81" sl="31" sc="9" el="31" ec="9" bec="0" bev="0" fileid="2" />
                <SequencePoint vc="1" uspid="1955" ordinal="0" offset="89" sl="32" sc="5" el="32" ec="5" bec="0" bev="0" fileid="2" />
              </SequencePoints>
              <BranchPoints />
            </Method>
            <Method visited="true" cyclomaticComplexity="0" nPathComplexity="0" sequenceCoverage="100.0" branchCoverage="0" crapScore="0" isConstructor="false" isStatic="false" isGetter="false" isSetter="false">
              <Summary numSequencePoints="9" visitedSequencePoints="9" numBranchPoints="0" visitedBranchPoints="0" sequenceCoverage="100.0" branchCoverage="0" maxCyclomaticComplexity="0" minCyclomaticComplexity="0" maxCrapScore="0" minCrapScore="0" visitedClasses="0" numClasses="0" visitedMethods="1" numMethods="1" />
              <MetadataToken>100663308</MetadataToken>
              <Name>System.Void GoNoGoManagerTest::RecordResult_MultipleTimes_ShouldTrackAll()</Name>
              <FileRef uid="2" />
              <SequencePoints>
                <SequencePoint vc="1" uspid="1956" ordinal="0" offset="0" sl="36" sc="5" el="36" ec="5" bec="0" bev="0" fileid="2" />
                <SequencePoint vc="1" uspid="1957" ordinal="0" offset="1" sl="37" sc="9" el="37" ec="9" bec="0" bev="0" fileid="2" />
                <SequencePoint vc="1" uspid="1958" ordinal="0" offset="8" sl="39" sc="9" el="39" ec="9" bec="0" bev="0" fileid="2" />
                <SequencePoint vc="1" uspid="1959" ordinal="0" offset="32" sl="40" sc="9" el="40" ec="9" bec="0" bev="0" fileid="2" />
                <SequencePoint vc="1" uspid="1960" ordinal="0" offset="56" sl="41" sc="9" el="41" ec="9" bec="0" bev="0" fileid="2" />
                <SequencePoint vc="1" uspid="1961" ordinal="0" offset="80" sl="42" sc="9" el="42" ec="9" bec="0" bev="0" fileid="2" />
                <SequencePoint vc="1" uspid="1962" ordinal="0" offset="104" sl="44" sc="9" el="44" ec="9" bec="0" bev="0" fileid="2" />
                <SequencePoint vc="1" uspid="1963" ordinal="0" offset="132" sl="46" sc="9" el="46" ec="9" bec="0" bev="0" fileid="2" />
                <SequencePoint vc="1" uspid="1964" ordinal="0" offset="140" sl="47" sc="5" el="47" ec="5" bec="0" bev="0" fileid="2" />
              </SequencePoints>
              <BranchPoints />
            </Method>
            <Method visited="true" cyclomaticComplexity="0" nPathComplexity="0" sequenceCoverage="100.0" branchCoverage="0" crapScore="0" isConstructor="false" isStatic="false" isGetter="false" isSetter="false">
              <Summary numSequencePoints="9" visitedSequencePoints="9" numBranchPoints="0" visitedBranchPoints="0" sequenceCoverage="100.0" branchCoverage="0" maxCyclomaticComplexity="0" minCyclomaticComplexity="0" maxCrapScore="0" minCrapScore="0" visitedClasses="0" numClasses="0" visitedMethods="1" numMethods="1" />
              <MetadataToken>100663309</MetadataToken>
              <Name>System.Void GoNoGoManagerTest::GetHitCount_ShouldReturnCorrectCount()</Name>
              <FileRef uid="2" />
              <SequencePoints>
                <SequencePoint vc="1" uspid="1965" ordinal="0" offset="0" sl="51" sc="5" el="51" ec="5" bec="0" bev="0" fileid="2" />
                <SequencePoint vc="1" uspid="1966" ordinal="0" offset="1" sl="52" sc="9" el="52" ec="9" bec="0" bev="0" fileid="2" />
                <SequencePoint vc="1" uspid="1967" ordinal="0" offset="8" sl="54" sc="9" el="54" ec="9" bec="0" bev="0" fileid="2" />
                <SequencePoint vc="1" uspid="1968" ordinal="0" offset="32" sl="55" sc="9" el="55" ec="9" bec="0" bev="0" fileid="2" />
                <SequencePoint vc="1" uspid="1969" ordinal="0" offset="56" sl="56" sc="9" el="56" ec="9" bec="0" bev="0" fileid="2" />
                <SequencePoint vc="1" uspid="1970" ordinal="0" offset="80" sl="57" sc="9" el="57" ec="9" bec="0" bev="0" fileid="2" />
                <SequencePoint vc="1" uspid="1971" ordinal="0" offset="104" sl="59" sc="9" el="59" ec="9" bec="0" bev="0" fileid="2" />
                <SequencePoint vc="1" uspid="1972" ordinal="0" offset="127" sl="61" sc="9" el="61" ec="9" bec="0" bev="0" fileid="2" />
                <SequencePoint vc="1" uspid="1973" ordinal="0" offset="135" sl="62" sc="5" el="62" ec="5" bec="0" bev="0" fileid="2" />
              </SequencePoints>
              <BranchPoints />
            </Method>
            <Method visited="true" cyclomaticComplexity="0" nPathComplexity="0" sequenceCoverage="100.0" branchCoverage="0" crapScore="0" isConstructor="false" isStatic="false" isGetter="false" isSetter="false">
              <Summary numSequencePoints="8" visitedSequencePoints="8" numBranchPoints="0" visitedBranchPoints="0" sequenceCoverage="100.0" branchCoverage="0" maxCyclomaticComplexity="0" minCyclomaticComplexity="0" maxCrapScore="0" minCrapScore="0" visitedClasses="0" numClasses="0" visitedMethods="1" numMethods="1" />
              <MetadataToken>100663310</MetadataToken>
              <Name>System.Void GoNoGoManagerTest::GetMissCount_ShouldReturnCorrectCount()</Name>
              <FileRef uid="2" />
              <SequencePoints>
                <SequencePoint vc="1" uspid="1974" ordinal="0" offset="0" sl="66" sc="5" el="66" ec="5" bec="0" bev="0" fileid="2" />
                <SequencePoint vc="1" uspid="1975" ordinal="0" offset="1" sl="67" sc="9" el="67" ec="9" bec="0" bev="0" fileid="2" />
                <SequencePoint vc="1" uspid="1976" ordinal="0" offset="8" sl="69" sc="9" el="69" ec="9" bec="0" bev="0" fileid="2" />
                <SequencePoint vc="1" uspid="1977" ordinal="0" offset="32" sl="70" sc="9" el="70" ec="9" bec="0" bev="0" fileid="2" />
                <SequencePoint vc="1" uspid="1978" ordinal="0" offset="56" sl="71" sc="9" el="71" ec="9" bec="0" bev="0" fileid="2" />
                <SequencePoint vc="1" uspid="1979" ordinal="0" offset="80" sl="73" sc="9" el="73" ec="9" bec="0" bev="0" fileid="2" />
                <SequencePoint vc="1" uspid="1980" ordinal="0" offset="103" sl="75" sc="9" el="75" ec="9" bec="0" bev="0" fileid="2" />
                <SequencePoint vc="1" uspid="1981" ordinal="0" offset="111" sl="76" sc="5" el="76" ec="5" bec="0" bev="0" fileid="2" />
              </SequencePoints>
              <BranchPoints />
            </Method>
            <Method visited="true" cyclomaticComplexity="0" nPathComplexity="0" sequenceCoverage="100.0" branchCoverage="0" crapScore="0" isConstructor="false" isStatic="false" isGetter="false" isSetter="false">
              <Summary numSequencePoints="8" visitedSequencePoints="8" numBranchPoints="0" visitedBranchPoints="0" sequenceCoverage="100.0" branchCoverage="0" maxCyclomaticComplexity="0" minCyclomaticComplexity="0" maxCrapScore="0" minCrapScore="0" visitedClasses="0" numClasses="0" visitedMethods="1" numMethods="1" />
              <MetadataToken>100663311</MetadataToken>
              <Name>System.Void GoNoGoManagerTest::GetFalseAlarmCount_ShouldReturnCorrectCount()</Name>
              <FileRef uid="2" />
              <SequencePoints>
                <SequencePoint vc="1" uspid="1982" ordinal="0" offset="0" sl="80" sc="5" el="80" ec="5" bec="0" bev="0" fileid="2" />
                <SequencePoint vc="1" uspid="1983" ordinal="0" offset="1" sl="81" sc="9" el="81" ec="9" bec="0" bev="0" fileid="2" />
                <SequencePoint vc="1" uspid="1984" ordinal="0" offset="8" sl="83" sc="9" el="83" ec="9" bec="0" bev="0" fileid="2" />
                <SequencePoint vc="1" uspid="1985" ordinal="0" offset="32" sl="84" sc="9" el="84" ec="9" bec="0" bev="0" fileid="2" />
                <SequencePoint vc="1" uspid="1986" ordinal="0" offset="56" sl="85" sc="9" el="85" ec="9" bec="0" bev="0" fileid="2" />
                <SequencePoint vc="1" uspid="1987" ordinal="0" offset="80" sl="87" sc="9" el="87" ec="9" bec="0" bev="0" fileid="2" />
                <SequencePoint vc="1" uspid="1988" ordinal="0" offset="103" sl="89" sc="9" el="89" ec="9" bec="0" bev="0" fileid="2" />
                <SequencePoint vc="1" uspid="1989" ordinal="0" offset="111" sl="90" sc="5" el="90" ec="5" bec="0" bev="0" fileid="2" />
              </SequencePoints>
              <BranchPoints />
            </Method>
            <Method visited="true" cyclomaticComplexity="0" nPathComplexity="0" sequenceCoverage="100.0" branchCoverage="0" crapScore="0" isConstructor="false" isStatic="false" isGetter="false" isSetter="false">
              <Summary numSequencePoints="7" visitedSequencePoints="7" numBranchPoints="0" visitedBranchPoints="0" sequenceCoverage="100.0" branchCoverage="0" maxCyclomaticComplexity="0" minCyclomaticComplexity="0" maxCrapScore="0" minCrapScore="0" visitedClasses="0" numClasses="0" visitedMethods="1" numMethods="1" />
              <MetadataToken>100663312</MetadataToken>
              <Name>System.Void GoNoGoManagerTest::GetCorrectRejectionCount_ShouldReturnCorrectCount()</Name>
              <FileRef uid="2" />
              <SequencePoints>
                <SequencePoint vc="1" uspid="1990" ordinal="0" offset="0" sl="94" sc="5" el="94" ec="5" bec="0" bev="0" fileid="2" />
                <SequencePoint vc="1" uspid="1991" ordinal="0" offset="1" sl="95" sc="9" el="95" ec="9" bec="0" bev="0" fileid="2" />
                <SequencePoint vc="1" uspid="1992" ordinal="0" offset="8" sl="97" sc="9" el="97" ec="9" bec="0" bev="0" fileid="2" />
                <SequencePoint vc="1" uspid="1993" ordinal="0" offset="32" sl="98" sc="9" el="98" ec="9" bec="0" bev="0" fileid="2" />
                <SequencePoint vc="1" uspid="1994" ordinal="0" offset="56" sl="100" sc="9" el="100" ec="9" bec="0" bev="0" fileid="2" />
                <SequencePoint vc="1" uspid="1995" ordinal="0" offset="79" sl="102" sc="9" el="102" ec="9" bec="0" bev="0" fileid="2" />
                <SequencePoint vc="1" uspid="1996" ordinal="0" offset="87" sl="103" sc="5" el="103" ec="5" bec="0" bev="0" fileid="2" />
              </SequencePoints>
              <BranchPoints />
            </Method>
            <Method visited="true" cyclomaticComplexity="0" nPathComplexity="0" sequenceCoverage="100.0" branchCoverage="0" crapScore="0" isConstructor="false" isStatic="false" isGetter="false" isSetter="false">
              <Summary numSequencePoints="9" visitedSequencePoints="9" numBranchPoints="0" visitedBranchPoints="0" sequenceCoverage="100.0" branchCoverage="0" maxCyclomaticComplexity="0" minCyclomaticComplexity="0" maxCrapScore="0" minCrapScore="0" visitedClasses="0" numClasses="0" visitedMethods="1" numMethods="1" />
              <MetadataToken>100663313</MetadataToken>
              <Name>System.Void GoNoGoManagerTest::GetAverageReactionTime_ShouldCalculateFromHitsOnly()</Name>
              <FileRef uid="2" />
              <SequencePoints>
                <SequencePoint vc="1" uspid="1997" ordinal="0" offset="0" sl="107" sc="5" el="107" ec="5" bec="0" bev="0" fileid="2" />
                <SequencePoint vc="1" uspid="1998" ordinal="0" offset="1" sl="108" sc="9" el="108" ec="9" bec="0" bev="0" fileid="2" />
                <SequencePoint vc="1" uspid="1999" ordinal="0" offset="8" sl="110" sc="9" el="110" ec="9" bec="0" bev="0" fileid="2" />
                <SequencePoint vc="1" uspid="2000" ordinal="0" offset="32" sl="111" sc="9" el="111" ec="9" bec="0" bev="0" fileid="2" />
                <SequencePoint vc="1" uspid="2001" ordinal="0" offset="56" sl="112" sc="9" el="112" ec="9" bec="0" bev="0" fileid="2" />
                <SequencePoint vc="1" uspid="2002" ordinal="0" offset="80" sl="113" sc="9" el="113" ec="9" bec="0" bev="0" fileid="2" />
                <SequencePoint vc="1" uspid="2003" ordinal="0" offset="104" sl="115" sc="9" el="115" ec="9" bec="0" bev="0" fileid="2" />
                <SequencePoint vc="1" uspid="2004" ordinal="0" offset="135" sl="117" sc="9" el="117" ec="9" bec="0" bev="0" fileid="2" />
                <SequencePoint vc="1" uspid="2005" ordinal="0" offset="143" sl="118" sc="5" el="118" ec="5" bec="0" bev="0" fileid="2" />
              </SequencePoints>
              <BranchPoints />
            </Method>
            <Method visited="true" cyclomaticComplexity="0" nPathComplexity="0" sequenceCoverage="100.0" branchCoverage="0" crapScore="0" isConstructor="false" isStatic="false" isGetter="false" isSetter="false">
              <Summary numSequencePoints="7" visitedSequencePoints="7" numBranchPoints="0" visitedBranchPoints="0" sequenceCoverage="100.0" branchCoverage="0" maxCyclomaticComplexity="0" minCyclomaticComplexity="0" maxCrapScore="0" minCrapScore="0" visitedClasses="0" numClasses="0" visitedMethods="1" numMethods="1" />
              <MetadataToken>100663314</MetadataToken>
              <Name>System.Void GoNoGoManagerTest::GetAverageReactionTime_NoHits_ShouldReturnZero()</Name>
              <FileRef uid="2" />
              <SequencePoints>
                <SequencePoint vc="1" uspid="2006" ordinal="0" offset="0" sl="122" sc="5" el="122" ec="5" bec="0" bev="0" fileid="2" />
                <SequencePoint vc="1" uspid="2007" ordinal="0" offset="1" sl="123" sc="9" el="123" ec="9" bec="0" bev="0" fileid="2" />
                <SequencePoint vc="1" uspid="2008" ordinal="0" offset="8" sl="125" sc="9" el="125" ec="9" bec="0" bev="0" fileid="2" />
                <SequencePoint vc="1" uspid="2009" ordinal="0" offset="32" sl="126" sc="9" el="126" ec="9" bec="0" bev="0" fileid="2" />
                <SequencePoint vc="1" uspid="2010" ordinal="0" offset="56" sl="128" sc="9" el="128" ec="9" bec="0" bev="0" fileid="2" />
                <SequencePoint vc="1" uspid="2011" ordinal="0" offset="87" sl="130" sc="9" el="130" ec="9" bec="0" bev="0" fileid="2" />
                <SequencePoint vc="1" uspid="2012" ordinal="0" offset="95" sl="131" sc="5" el="131" ec="5" bec="0" bev="0" fileid="2" />
              </SequencePoints>
              <BranchPoints />
            </Method>
            <Method visited="true" cyclomaticComplexity="0" nPathComplexity="0" sequenceCoverage="100.0" branchCoverage="0" crapScore="0" isConstructor="false" isStatic="false" isGetter="false" isSetter="false">
              <Summary numSequencePoints="8" visitedSequencePoints="8" numBranchPoints="0" visitedBranchPoints="0" sequenceCoverage="100.0" branchCoverage="0" maxCyclomaticComplexity="0" minCyclomaticComplexity="0" maxCrapScore="0" minCrapScore="0" visitedClasses="0" numClasses="0" visitedMethods="1" numMethods="1" />
              <MetadataToken>100663315</MetadataToken>
              <Name>System.Void GoNoGoManagerTest::DefaultConfig_ShouldHaveExpectedValues()</Name>
              <FileRef uid="2" />
              <SequencePoints>
                <SequencePoint vc="1" uspid="2013" ordinal="0" offset="0" sl="135" sc="5" el="135" ec="5" bec="0" bev="0" fileid="2" />
                <SequencePoint vc="1" uspid="2014" ordinal="0" offset="1" sl="136" sc="9" el="136" ec="9" bec="0" bev="0" fileid="2" />
                <SequencePoint vc="1" uspid="2015" ordinal="0" offset="8" sl="138" sc="9" el="138" ec="9" bec="0" bev="0" fileid="2" />
                <SequencePoint vc="1" uspid="2016" ordinal="0" offset="39" sl="139" sc="9" el="139" ec="9" bec="0" bev="0" fileid="2" />
                <SequencePoint vc="1" uspid="2017" ordinal="0" offset="70" sl="140" sc="9" el="140" ec="9" bec="0" bev="0" fileid="2" />
                <SequencePoint vc="1" uspid="2018" ordinal="0" offset="101" sl="141" sc="9" el="141" ec="9" bec="0" bev="0" fileid="2" />
                <SequencePoint vc="1" uspid="2019" ordinal="0" offset="132" sl="143" sc="9" el="143" ec="9" bec="0" bev="0" fileid="2" />
                <SequencePoint vc="1" uspid="2020" ordinal="0" offset="140" sl="144" sc="5" el="144" ec="5" bec="0" bev="0" fileid="2" />
              </SequencePoints>
              <BranchPoints />
            </Method>
            <Method visited="true" cyclomaticComplexity="0" nPathComplexity="0" sequenceCoverage="100.0" branchCoverage="0" crapScore="0" isConstructor="false" isStatic="false" isGetter="false" isSetter="false">
              <Summary numSequencePoints="6" visitedSequencePoints="6" numBranchPoints="0" visitedBranchPoints="0" sequenceCoverage="100.0" branchCoverage="0" maxCyclomaticComplexity="0" minCyclomaticComplexity="0" maxCrapScore="0" minCrapScore="0" visitedClasses="0" numClasses="0" visitedMethods="1" numMethods="1" />
              <MetadataToken>100663316</MetadataToken>
              <Name>System.Void GoNoGoManagerTest::InitialState_ShouldNotBeActive()</Name>
              <FileRef uid="2" />
              <SequencePoints>
                <SequencePoint vc="1" uspid="2021" ordinal="0" offset="0" sl="148" sc="5" el="148" ec="5" bec="0" bev="0" fileid="2" />
                <SequencePoint vc="1" uspid="2022" ordinal="0" offset="1" sl="149" sc="9" el="149" ec="9" bec="0" bev="0" fileid="2" />
                <SequencePoint vc="1" uspid="2023" ordinal="0" offset="8" sl="151" sc="9" el="151" ec="9" bec="0" bev="0" fileid="2" />
                <SequencePoint vc="1" uspid="2024" ordinal="0" offset="20" sl="152" sc="9" el="152" ec="9" bec="0" bev="0" fileid="2" />
                <SequencePoint vc="1" uspid="2025" ordinal="0" offset="48" sl="154" sc="9" el="154" ec="9" bec="0" bev="0" fileid="2" />
                <SequencePoint vc="1" uspid="2026" ordinal="0" offset="56" sl="155" sc="5" el="155" ec="5" bec="0" bev="0" fileid="2" />
              </SequencePoints>
              <BranchPoints />
            </Method>
          </Methods>
        </Class>
        <Class>
          <Summary numSequencePoints="44" visitedSequencePoints="44" numBranchPoints="0" visitedBranchPoints="0" sequenceCoverage="100.0" branchCoverage="0.0" maxCyclomaticComplexity="0" minCyclomaticComplexity="0" maxCrapScore="0" minCrapScore="0" visitedClasses="1" numClasses="1" visitedMethods="7" numMethods="7" />
          <FullName>GoNoGoResultTest</FullName>
          <Methods>
            <Method visited="true" cyclomaticComplexity="0" nPathComplexity="0" sequenceCoverage="100.0" branchCoverage="0" crapScore="0" isConstructor="false" isStatic="false" isGetter="false" isSetter="false">
              <Summary numSequencePoints="8" visitedSequencePoints="8" numBranchPoints="0" visitedBranchPoints="0" sequenceCoverage="100.0" branchCoverage="0" maxCyclomaticComplexity="0" minCyclomaticComplexity="0" maxCrapScore="0" minCrapScore="0" visitedClasses="0" numClasses="0" visitedMethods="1" numMethods="1" />
              <MetadataToken>100663318</MetadataToken>
              <Name>System.Void GoNoGoResultTest::Hit_GoTrialTapped_ShouldBeCorrect()</Name>
              <FileRef uid="3" />
              <SequencePoints>
                <SequencePoint vc="1" uspid="2027" ordinal="0" offset="0" sl="10" sc="5" el="10" ec="5" bec="0" bev="0" fileid="3" />
                <SequencePoint vc="1" uspid="2028" ordinal="0" offset="1" sl="11" sc="9" el="11" ec="9" bec="0" bev="0" fileid="3" />
                <SequencePoint vc="1" uspid="2029" ordinal="0" offset="19" sl="13" sc="9" el="13" ec="9" bec="0" bev="0" fileid="3" />
                <SequencePoint vc="1" uspid="2030" ordinal="0" offset="31" sl="14" sc="9" el="14" ec="9" bec="0" bev="0" fileid="3" />
                <SequencePoint vc="1" uspid="2031" ordinal="0" offset="43" sl="15" sc="9" el="15" ec="9" bec="0" bev="0" fileid="3" />
                <SequencePoint vc="1" uspid="2032" ordinal="0" offset="55" sl="16" sc="9" el="16" ec="9" bec="0" bev="0" fileid="3" />
                <SequencePoint vc="1" uspid="2033" ordinal="0" offset="67" sl="17" sc="9" el="17" ec="9" bec="0" bev="0" fileid="3" />
                <SequencePoint vc="1" uspid="2034" ordinal="0" offset="79" sl="18" sc="5" el="18" ec="5" bec="0" bev="0" fileid="3" />
              </SequencePoints>
              <BranchPoints />
            </Method>
            <Method visited="true" cyclomaticComplexity="0" nPathComplexity="0" sequenceCoverage="100.0" branchCoverage="0" crapScore="0" isConstructor="false" isStatic="false" isGetter="false" isSetter="false">
              <Summary numSequencePoints="8" visitedSequencePoints="8" numBranchPoints="0" visitedBranchPoints="0" sequenceCoverage="100.0" branchCoverage="0" maxCyclomaticComplexity="0" minCyclomaticComplexity="0" maxCrapScore="0" minCrapScore="0" visitedClasses="0" numClasses="0" visitedMethods="1" numMethods="1" />
              <MetadataToken>100663319</MetadataToken>
              <Name>System.Void GoNoGoResultTest::Miss_GoTrialNotTapped_ShouldBeIncorrect()</Name>
              <FileRef uid="3" />
              <SequencePoints>
                <SequencePoint vc="1" uspid="2035" ordinal="0" offset="0" sl="22" sc="5" el="22" ec="5" bec="0" bev="0" fileid="3" />
                <SequencePoint vc="1" uspid="2036" ordinal="0" offset="1" sl="23" sc="9" el="23" ec="9" bec="0" bev="0" fileid="3" />
                <SequencePoint vc="1" uspid="2037" ordinal="0" offset="19" sl="25" sc="9" el="25" ec="9" bec="0" bev="0" fileid="3" />
                <SequencePoint vc="1" uspid="2038" ordinal="0" offset="31" sl="26" sc="9" el="26" ec="9" bec="0" bev="0" fileid="3" />
                <SequencePoint vc="1" uspid="2039" ordinal="0" offset="43" sl="27" sc="9" el="27" ec="9" bec="0" bev="0" fileid="3" />
                <SequencePoint vc="1" uspid="2040" ordinal="0" offset="55" sl="28" sc="9" el="28" ec="9" bec="0" bev="0" fileid="3" />
                <SequencePoint vc="1" uspid="2041" ordinal="0" offset="67" sl="29" sc="9" el="29" ec="9" bec="0" bev="0" fileid="3" />
                <SequencePoint vc="1" uspid="2042" ordinal="0" offset="79" sl="30" sc="5" el="30" ec="5" bec="0" bev="0" fileid="3" />
              </SequencePoints>
              <BranchPoints />
            </Method>
            <Method visited="true" cyclomaticComplexity="0" nPathComplexity="0" sequenceCoverage="100.0" branchCoverage="0" crapScore="0" isConstructor="false" isStatic="false" isGetter="false" isSetter="false">
              <Summary numSequencePoints="8" visitedSequencePoints="8" numBranchPoints="0" visitedBranchPoints="0" sequenceCoverage="100.0" branchCoverage="0" maxCyclomaticComplexity="0" minCyclomaticComplexity="0" maxCrapScore="0" minCrapScore="0" visitedClasses="0" numClasses="0" visitedMethods="1" numMethods="1" />
              <MetadataToken>100663320</MetadataToken>
              <Name>System.Void GoNoGoResultTest::FalseAlarm_NoGoTrialTapped_ShouldBeIncorrect()</Name>
              <FileRef uid="3" />
              <SequencePoints>
                <SequencePoint vc="1" uspid="2043" ordinal="0" offset="0" sl="34" sc="5" el="34" ec="5" bec="0" bev="0" fileid="3" />
                <SequencePoint vc="1" uspid="2044" ordinal="0" offset="1" sl="35" sc="9" el="35" ec="9" bec="0" bev="0" fileid="3" />
                <SequencePoint vc="1" uspid="2045" ordinal="0" offset="19" sl="37" sc="9" el="37" ec="9" bec="0" bev="0" fileid="3" />
                <SequencePoint vc="1" uspid="2046" ordinal="0" offset="31" sl="38" sc="9" el="38" ec="9" bec="0" bev="0" fileid="3" />
                <SequencePoint vc="1" uspid="2047" ordinal="0" offset="43" sl="39" sc="9" el="39" ec="9" bec="0" bev="0" fileid="3" />
                <SequencePoint vc="1" uspid="2048" ordinal="0" offset="55" sl="40" sc="9" el="40" ec="9" bec="0" bev="0" fileid="3" />
                <SequencePoint vc="1" uspid="2049" ordinal="0" offset="67" sl="41" sc="9" el="41" ec="9" bec="0" bev="0" fileid="3" />
                <SequencePoint vc="1" uspid="2050" ordinal="0" offset="79" sl="42" sc="5" el="42" ec="5" bec="0" bev="0" fileid="3" />
              </SequencePoints>
              <BranchPoints />
            </Method>
            <Method visited="true" cyclomaticComplexity="0" nPathComplexity="0" sequenceCoverage="100.0" branchCoverage="0" crapScore="0" isConstructor="false" isStatic="false" isGetter="false" isSetter="false">
              <Summary numSequencePoints="8" visitedSequencePoints="8" numBranchPoints="0" visitedBranchPoints="0" sequenceCoverage="100.0" branchCoverage="0" maxCyclomaticComplexity="0" minCyclomaticComplexity="0" maxCrapScore="0" minCrapScore="0" visitedClasses="0" numClasses="0" visitedMethods="1" numMethods="1" />
              <MetadataToken>100663321</MetadataToken>
              <Name>System.Void GoNoGoResultTest::CorrectRejection_NoGoTrialNotTapped_ShouldBeCorrect()</Name>
              <FileRef uid="3" />
              <SequencePoints>
                <SequencePoint vc="1" uspid="2051" ordinal="0" offset="0" sl="46" sc="5" el="46" ec="5" bec="0" bev="0" fileid="3" />
                <SequencePoint vc="1" uspid="2052" ordinal="0" offset="1" sl="47" sc="9" el="47" ec="9" bec="0" bev="0" fileid="3" />
                <SequencePoint vc="1" uspid="2053" ordinal="0" offset="19" sl="49" sc="9" el="49" ec="9" bec="0" bev="0" fileid="3" />
                <SequencePoint vc="1" uspid="2054" ordinal="0" offset="31" sl="50" sc="9" el="50" ec="9" bec="0" bev="0" fileid="3" />
                <SequencePoint vc="1" uspid="2055" ordinal="0" offset="43" sl="51" sc="9" el="51" ec="9" bec="0" bev="0" fileid="3" />
                <SequencePoint vc="1" uspid="2056" ordinal="0" offset="55" sl="52" sc="9" el="52" ec="9" bec="0" bev="0" fileid="3" />
                <SequencePoint vc="1" uspid="2057" ordinal="0" offset="67" sl="53" sc="9" el="53" ec="9" bec="0" bev="0" fileid="3" />
                <SequencePoint vc="1" uspid="2058" ordinal="0" offset="79" sl="54" sc="5" el="54" ec="5" bec="0" bev="0" fileid="3" />
              </SequencePoints>
              <BranchPoints />
            </Method>
            <Method visited="true" cyclomaticComplexity="0" nPathComplexity="0" sequenceCoverage="100.0" branchCoverage="0" crapScore="0" isConstructor="false" isStatic="false" isGetter="false" isSetter="false">
              <Summary numSequencePoints="4" visitedSequencePoints="4" numBranchPoints="0" visitedBranchPoints="0" sequenceCoverage="100.0" branchCoverage="0" maxCyclomaticComplexity="0" minCyclomaticComplexity="0" maxCrapScore="0" minCrapScore="0" visitedClasses="0" numClasses="0" visitedMethods="1" numMethods="1" />
              <MetadataToken>100663322</MetadataToken>
              <Name>System.Void GoNoGoResultTest::ReactionTime_ShouldStoreProvidedValue()</Name>
              <FileRef uid="3" />
              <SequencePoints>
                <SequencePoint vc="1" uspid="2059" ordinal="0" offset="0" sl="58" sc="5" el="58" ec="5" bec="0" bev="0" fileid="3" />
                <SequencePoint vc="1" uspid="2060" ordinal="0" offset="1" sl="59" sc="9" el="59" ec="9" bec="0" bev="0" fileid="3" />
                <SequencePoint vc="1" uspid="2061" ordinal="0" offset="19" sl="61" sc="9" el="61" ec="9" bec="0" bev="0" fileid="3" />
                <SequencePoint vc="1" uspid="2062" ordinal="0" offset="50" sl="62" sc="5" el="62" ec="5" bec="0" bev="0" fileid="3" />
              </SequencePoints>
              <BranchPoints />
            </Method>
            <Method visited="true" cyclomaticComplexity="0" nPathComplexity="0" sequenceCoverage="100.0" branchCoverage="0" crapScore="0" isConstructor="false" isStatic="false" isGetter="false" isSetter="false">
              <Summary numSequencePoints="4" visitedSequencePoints="4" numBranchPoints="0" visitedBranchPoints="0" sequenceCoverage="100.0" branchCoverage="0" maxCyclomaticComplexity="0" minCyclomaticComplexity="0" maxCrapScore="0" minCrapScore="0" visitedClasses="0" numClasses="0" visitedMethods="1" numMethods="1" />
              <MetadataToken>100663323</MetadataToken>
              <Name>System.Void GoNoGoResultTest::SpawnTime_ShouldStoreProvidedValue()</Name>
              <FileRef uid="3" />
              <SequencePoints>
                <SequencePoint vc="1" uspid="2063" ordinal="0" offset="0" sl="66" sc="5" el="66" ec="5" bec="0" bev="0" fileid="3" />
                <SequencePoint vc="1" uspid="2064" ordinal="0" offset="1" sl="67" sc="9" el="67" ec="9" bec="0" bev="0" fileid="3" />
                <SequencePoint vc="1" uspid="2065" ordinal="0" offset="19" sl="69" sc="9" el="69" ec="9" bec="0" bev="0" fileid="3" />
                <SequencePoint vc="1" uspid="2066" ordinal="0" offset="50" sl="70" sc="5" el="70" ec="5" bec="0" bev="0" fileid="3" />
              </SequencePoints>
              <BranchPoints />
            </Method>
            <Method visited="true" cyclomaticComplexity="0" nPathComplexity="0" sequenceCoverage="100.0" branchCoverage="0" crapScore="0" isConstructor="false" isStatic="false" isGetter="false" isSetter="false">
              <Summary numSequencePoints="4" visitedSequencePoints="4" numBranchPoints="0" visitedBranchPoints="0" sequenceCoverage="100.0" branchCoverage="0" maxCyclomaticComplexity="0" minCyclomaticComplexity="0" maxCrapScore="0" minCrapScore="0" visitedClasses="0" numClasses="0" visitedMethods="1" numMethods="1" />
              <MetadataToken>100663324</MetadataToken>
              <Name>System.Void GoNoGoResultTest::NotTapped_ReactionTimeShouldBeNegativeOne()</Name>
              <FileRef uid="3" />
              <SequencePoints>
                <SequencePoint vc="1" uspid="2067" ordinal="0" offset="0" sl="74" sc="5" el="74" ec="5" bec="0" bev="0" fileid="3" />
                <SequencePoint vc="1" uspid="2068" ordinal="0" offset="1" sl="75" sc="9" el="75" ec="9" bec="0" bev="0" fileid="3" />
                <SequencePoint vc="1" uspid="2069" ordinal="0" offset="19" sl="77" sc="9" el="77" ec="9" bec="0" bev="0" fileid="3" />
                <SequencePoint vc="1" uspid="2070" ordinal="0" offset="50" sl="78" sc="5" el="78" ec="5" bec="0" bev="0" fileid="3" />
              </SequencePoints>
              <BranchPoints />
            </Method>
          </Methods>
        </Class>
        <Class>
          <Summary numSequencePoints="72" visitedSequencePoints="72" numBranchPoints="0" visitedBranchPoints="0" sequenceCoverage="100.0" branchCoverage="0.0" maxCyclomaticComplexity="0" minCyclomaticComplexity="0" maxCrapScore="0" minCrapScore="0" visitedClasses="1" numClasses="1" visitedMethods="8" numMethods="8" />
          <FullName>MenuNavigatorTest</FullName>
          <Methods>
            <Method visited="true" cyclomaticComplexity="0" nPathComplexity="0" sequenceCoverage="100.0" branchCoverage="0" crapScore="0" isConstructor="false" isStatic="false" isGetter="false" isSetter="false">
              <Summary numSequencePoints="8" visitedSequencePoints="8" numBranchPoints="0" visitedBranchPoints="0" sequenceCoverage="100.0" branchCoverage="0" maxCyclomaticComplexity="0" minCyclomaticComplexity="0" maxCrapScore="0" minCrapScore="0" visitedClasses="0" numClasses="0" visitedMethods="1" numMethods="1" />
              <MetadataToken>100663326</MetadataToken>
              <Name>System.Void MenuNavigatorTest::GoToLobby_ShouldLoadLobbyScene()</Name>
              <FileRef uid="4" />
              <SequencePoints>
                <SequencePoint vc="1" uspid="2071" ordinal="0" offset="0" sl="27" sc="5" el="27" ec="5" bec="0" bev="0" fileid="4" />
                <SequencePoint vc="1" uspid="2072" ordinal="0" offset="1" sl="29" sc="9" el="29" ec="9" bec="0" bev="0" fileid="4" />
                <SequencePoint vc="1" uspid="2073" ordinal="0" offset="7" sl="30" sc="9" el="30" ec="9" bec="0" bev="0" fileid="4" />
                <SequencePoint vc="1" uspid="2074" ordinal="0" offset="18" sl="31" sc="9" el="31" ec="9" bec="0" bev="0" fileid="4" />
                <SequencePoint vc="1" uspid="2075" ordinal="0" offset="26" sl="34" sc="9" el="34" ec="9" bec="0" bev="0" fileid="4" />
                <SequencePoint vc="1" uspid="2076" ordinal="0" offset="33" sl="37" sc="9" el="37" ec="9" bec="0" bev="0" fileid="4" />
                <SequencePoint vc="1" uspid="2077" ordinal="0" offset="50" sl="40" sc="9" el="40" ec="9" bec="0" bev="0" fileid="4" />
                <SequencePoint vc="1" uspid="2078" ordinal="0" offset="62" sl="41" sc="5" el="41" ec="5" bec="0" bev="0" fileid="4" />
              </SequencePoints>
              <BranchPoints />
            </Method>
            <Method visited="true" cyclomaticComplexity="0" nPathComplexity="0" sequenceCoverage="100.0" branchCoverage="0" crapScore="0" isConstructor="false" isStatic="false" isGetter="false" isSetter="false">
              <Summary numSequencePoints="8" visitedSequencePoints="8" numBranchPoints="0" visitedBranchPoints="0" sequenceCoverage="100.0" branchCoverage="0" maxCyclomaticComplexity="0" minCyclomaticComplexity="0" maxCrapScore="0" minCrapScore="0" visitedClasses="0" numClasses="0" visitedMethods="1" numMethods="1" />
              <MetadataToken>100663327</MetadataToken>
              <Name>System.Void MenuNavigatorTest::GoToLobby_ShouldCallLoadSceneExactlyOnce()</Name>
              <FileRef uid="4" />
              <SequencePoints>
                <SequencePoint vc="1" uspid="2079" ordinal="0" offset="0" sl="45" sc="5" el="45" ec="5" bec="0" bev="0" fileid="4" />
                <SequencePoint vc="1" uspid="2080" ordinal="0" offset="1" sl="47" sc="9" el="47" ec="9" bec="0" bev="0" fileid="4" />
                <SequencePoint vc="1" uspid="2081" ordinal="0" offset="7" sl="48" sc="9" el="48" ec="9" bec="0" bev="0" fileid="4" />
                <SequencePoint vc="1" uspid="2082" ordinal="0" offset="18" sl="49" sc="9" el="49" ec="9" bec="0" bev="0" fileid="4" />
                <SequencePoint vc="1" uspid="2083" ordinal="0" offset="26" sl="52" sc="9" el="52" ec="9" bec="0" bev="0" fileid="4" />
                <SequencePoint vc="1" uspid="2084" ordinal="0" offset="33" sl="55" sc="9" el="55" ec="9" bec="0" bev="0" fileid="4" />
                <SequencePoint vc="1" uspid="2085" ordinal="0" offset="56" sl="58" sc="9" el="58" ec="9" bec="0" bev="0" fileid="4" />
                <SequencePoint vc="1" uspid="2086" ordinal="0" offset="68" sl="59" sc="5" el="59" ec="5" bec="0" bev="0" fileid="4" />
              </SequencePoints>
              <BranchPoints />
            </Method>
            <Method visited="true" cyclomaticComplexity="0" nPathComplexity="0" sequenceCoverage="100.0" branchCoverage="0" crapScore="0" isConstructor="false" isStatic="false" isGetter="false" isSetter="false">
              <Summary numSequencePoints="10" visitedSequencePoints="10" numBranchPoints="0" visitedBranchPoints="0" sequenceCoverage="100.0" branchCoverage="0" maxCyclomaticComplexity="0" minCyclomaticComplexity="0" maxCrapScore="0" minCrapScore="0" visitedClasses="0" numClasses="0" visitedMethods="1" numMethods="1" />
              <MetadataToken>100663328</MetadataToken>
              <Name>System.Void MenuNavigatorTest::GoToLobby_CalledTwice_ShouldStillLoadLobby()</Name>
              <FileRef uid="4" />
              <SequencePoints>
                <SequencePoint vc="1" uspid="2087" ordinal="0" offset="0" sl="63" sc="5" el="63" ec="5" bec="0" bev="0" fileid="4" />
                <SequencePoint vc="1" uspid="2088" ordinal="0" offset="1" sl="65" sc="9" el="65" ec="9" bec="0" bev="0" fileid="4" />
                <SequencePoint vc="1" uspid="2089" ordinal="0" offset="7" sl="66" sc="9" el="66" ec="9" bec="0" bev="0" fileid="4" />
                <SequencePoint vc="1" uspid="2090" ordinal="0" offset="18" sl="67" sc="9" el="67" ec="9" bec="0" bev="0" fileid="4" />
                <SequencePoint vc="1" uspid="2091" ordinal="0" offset="26" sl="70" sc="9" el="70" ec="9" bec="0" bev="0" fileid="4" />
                <SequencePoint vc="1" uspid="2092" ordinal="0" offset="33" sl="71" sc="9" el="71" ec="9" bec="0" bev="0" fileid="4" />
                <SequencePoint vc="1" uspid="2093" ordinal="0" offset="40" sl="74" sc="9" el="74" ec="9" bec="0" bev="0" fileid="4" />
                <SequencePoint vc="1" uspid="2094" ordinal="0" offset="57" sl="75" sc="9" el="75" ec="9" bec="0" bev="0" fileid="4" />
                <SequencePoint vc="1" uspid="2095" ordinal="0" offset="80" sl="78" sc="9" el="78" ec="9" bec="0" bev="0" fileid="4" />
                <SequencePoint vc="1" uspid="2096" ordinal="0" offset="92" sl="79" sc="5" el="79" ec="5" bec="0" bev="0" fileid="4" />
              </SequencePoints>
              <BranchPoints />
            </Method>
            <Method visited="true" cyclomaticComplexity="0" nPathComplexity="0" sequenceCoverage="100.0" branchCoverage="0" crapScore="0" isConstructor="false" isStatic="false" isGetter="false" isSetter="false">
              <Summary numSequencePoints="9" visitedSequencePoints="9" numBranchPoints="0" visitedBranchPoints="0" sequenceCoverage="100.0" branchCoverage="0" maxCyclomaticComplexity="0" minCyclomaticComplexity="0" maxCrapScore="0" minCrapScore="0" visitedClasses="0" numClasses="0" visitedMethods="1" numMethods="1" />
              <MetadataToken>100663329</MetadataToken>
              <Name>System.Void MenuNavigatorTest::GoToLevel1_ShouldLoadLevel1Scene()</Name>
              <FileRef uid="4" />
              <SequencePoints>
                <SequencePoint vc="1" uspid="2097" ordinal="0" offset="0" sl="83" sc="5" el="83" ec="5" bec="0" bev="0" fileid="4" />
                <SequencePoint vc="1" uspid="2098" ordinal="0" offset="1" sl="84" sc="9" el="84" ec="9" bec="0" bev="0" fileid="4" />
                <SequencePoint vc="1" uspid="2099" ordinal="0" offset="7" sl="85" sc="9" el="85" ec="9" bec="0" bev="0" fileid="4" />
                <SequencePoint vc="1" uspid="2100" ordinal="0" offset="18" sl="86" sc="9" el="86" ec="9" bec="0" bev="0" fileid="4" />
                <SequencePoint vc="1" uspid="2101" ordinal="0" offset="26" sl="88" sc="9" el="88" ec="9" bec="0" bev="0" fileid="4" />
                <SequencePoint vc="1" uspid="2102" ordinal="0" offset="33" sl="90" sc="9" el="90" ec="9" bec="0" bev="0" fileid="4" />
                <SequencePoint vc="1" uspid="2103" ordinal="0" offset="50" sl="91" sc="9" el="91" ec="9" bec="0" bev="0" fileid="4" />
                <SequencePoint vc="1" uspid="2104" ordinal="0" offset="73" sl="93" sc="9" el="93" ec="9" bec="0" bev="0" fileid="4" />
                <SequencePoint vc="1" uspid="2105" ordinal="0" offset="85" sl="94" sc="5" el="94" ec="5" bec="0" bev="0" fileid="4" />
              </SequencePoints>
              <BranchPoints />
            </Method>
            <Method visited="true" cyclomaticComplexity="0" nPathComplexity="0" sequenceCoverage="100.0" branchCoverage="0" crapScore="0" isConstructor="false" isStatic="false" isGetter="false" isSetter="false">
              <Summary numSequencePoints="9" visitedSequencePoints="9" numBranchPoints="0" visitedBranchPoints="0" sequenceCoverage="100.0" branchCoverage="0" maxCyclomaticComplexity="0" minCyclomaticComplexity="0" maxCrapScore="0" minCrapScore="0" visitedClasses="0" numClasses="0" visitedMethods="1" numMethods="1" />
              <MetadataToken>100663330</MetadataToken>
              <Name>System.Void MenuNavigatorTest::GoToLevel2_ShouldLoadLevel2Scene()</Name>
              <FileRef uid="4" />
              <SequencePoints>
                <SequencePoint vc="1" uspid="2106" ordinal="0" offset="0" sl="98" sc="5" el="98" ec="5" bec="0" bev="0" fileid="4" />
                <SequencePoint vc="1" uspid="2107" ordinal="0" offset="1" sl="99" sc="9" el="99" ec="9" bec="0" bev="0" fileid="4" />
                <SequencePoint vc="1" uspid="2108" ordinal="0" offset="7" sl="100" sc="9" el="100" ec="9" bec="0" bev="0" fileid="4" />
                <SequencePoint vc="1" uspid="2109" ordinal="0" offset="18" sl="101" sc="9" el="101" ec="9" bec="0" bev="0" fileid="4" />
                <SequencePoint vc="1" uspid="2110" ordinal="0" offset="26" sl="103" sc="9" el="103" ec="9" bec="0" bev="0" fileid="4" />
                <SequencePoint vc="1" uspid="2111" ordinal="0" offset="33" sl="105" sc="9" el="105" ec="9" bec="0" bev="0" fileid="4" />
                <SequencePoint vc="1" uspid="2112" ordinal="0" offset="50" sl="106" sc="9" el="106" ec="9" bec="0" bev="0" fileid="4" />
                <SequencePoint vc="1" uspid="2113" ordinal="0" offset="73" sl="108" sc="9" el="108" ec="9" bec="0" bev="0" fileid="4" />
                <SequencePoint vc="1" uspid="2114" ordinal="0" offset="85" sl="109" sc="5" el="109" ec="5" bec="0" bev="0" fileid="4" />
              </SequencePoints>
              <BranchPoints />
            </Method>
            <Method visited="true" cyclomaticComplexity="0" nPathComplexity="0" sequenceCoverage="100.0" branchCoverage="0" crapScore="0" isConstructor="false" isStatic="false" isGetter="false" isSetter="false">
              <Summary numSequencePoints="9" visitedSequencePoints="9" numBranchPoints="0" visitedBranchPoints="0" sequenceCoverage="100.0" branchCoverage="0" maxCyclomaticComplexity="0" minCyclomaticComplexity="0" maxCrapScore="0" minCrapScore="0" visitedClasses="0" numClasses="0" visitedMethods="1" numMethods="1" />
              <MetadataToken>100663331</MetadataToken>
              <Name>System.Void MenuNavigatorTest::GoToLevel3_ShouldLoadLevel3Scene()</Name>
              <FileRef uid="4" />
              <SequencePoints>
                <SequencePoint vc="1" uspid="2115" ordinal="0" offset="0" sl="113" sc="5" el="113" ec="5" bec="0" bev="0" fileid="4" />
                <SequencePoint vc="1" uspid="2116" ordinal="0" offset="1" sl="114" sc="9" el="114" ec="9" bec="0" bev="0" fileid="4" />
                <SequencePoint vc="1" uspid="2117" ordinal="0" offset="7" sl="115" sc="9" el="115" ec="9" bec="0" bev="0" fileid="4" />
                <SequencePoint vc="1" uspid="2118" ordinal="0" offset="18" sl="116" sc="9" el="116" ec="9" bec="0" bev="0" fileid="4" />
                <SequencePoint vc="1" uspid="2119" ordinal="0" offset="26" sl="118" sc="9" el="118" ec="9" bec="0" bev="0" fileid="4" />
                <SequencePoint vc="1" uspid="2120" ordinal="0" offset="33" sl="120" sc="9" el="120" ec="9" bec="0" bev="0" fileid="4" />
                <SequencePoint vc="1" uspid="2121" ordinal="0" offset="50" sl="121" sc="9" el="121" ec="9" bec="0" bev="0" fileid="4" />
                <SequencePoint vc="1" uspid="2122" ordinal="0" offset="73" sl="123" sc="9" el="123" ec="9" bec="0" bev="0" fileid="4" />
                <SequencePoint vc="1" uspid="2123" ordinal="0" offset="85" sl="124" sc="5" el="124" ec="5" bec="0" bev="0" fileid="4" />
              </SequencePoints>
              <BranchPoints />
            </Method>
            <Method visited="true" cyclomaticComplexity="0" nPathComplexity="0" sequenceCoverage="100.0" branchCoverage="0" crapScore="0" isConstructor="false" isStatic="false" isGetter="false" isSetter="false">
              <Summary numSequencePoints="9" visitedSequencePoints="9" numBranchPoints="0" visitedBranchPoints="0" sequenceCoverage="100.0" branchCoverage="0" maxCyclomaticComplexity="0" minCyclomaticComplexity="0" maxCrapScore="0" minCrapScore="0" visitedClasses="0" numClasses="0" visitedMethods="1" numMethods="1" />
              <MetadataToken>100663332</MetadataToken>
              <Name>System.Void MenuNavigatorTest::Awake_ShouldInitializeDefaultSceneLoader_WhenNoneInjected()</Name>
              <FileRef uid="4" />
              <SequencePoints>
                <SequencePoint vc="1" uspid="2124" ordinal="0" offset="0" sl="128" sc="5" el="128" ec="5" bec="0" bev="0" fileid="4" />
                <SequencePoint vc="1" uspid="2125" ordinal="0" offset="1" sl="130" sc="9" el="130" ec="9" bec="0" bev="0" fileid="4" />
                <SequencePoint vc="1" uspid="2126" ordinal="0" offset="12" sl="133" sc="9" el="133" ec="9" bec="0" bev="0" fileid="4" />
                <SequencePoint vc="1" uspid="2127" ordinal="0" offset="42" sl="138" sc="9" el="138" ec="9" bec="0" bev="0" fileid="4" />
                <SequencePoint vc="1" uspid="2128" ordinal="0" offset="65" sl="140" sc="9" el="140" ec="9" bec="0" bev="0" fileid="4" />
                <SequencePoint vc="1" uspid="2129" ordinal="0" offset="73" sl="142" sc="9" el="142" ec="9" bec="0" bev="0" fileid="4" />
                <SequencePoint vc="1" uspid="2130" ordinal="0" offset="80" sl="143" sc="9" el="143" ec="9" bec="0" bev="0" fileid="4" />
                <SequencePoint vc="1" uspid="2131" ordinal="0" offset="87" sl="145" sc="9" el="145" ec="9" bec="0" bev="0" fileid="4" />
                <SequencePoint vc="1" uspid="2132" ordinal="0" offset="99" sl="146" sc="5" el="146" ec="5" bec="0" bev="0" fileid="4" />
              </SequencePoints>
              <BranchPoints />
            </Method>
            <Method visited="true" cyclomaticComplexity="0" nPathComplexity="0" sequenceCoverage="100.0" branchCoverage="0" crapScore="0" isConstructor="false" isStatic="false" isGetter="false" isSetter="false">
              <Summary numSequencePoints="10" visitedSequencePoints="10" numBranchPoints="0" visitedBranchPoints="0" sequenceCoverage="100.0" branchCoverage="0" maxCyclomaticComplexity="0" minCyclomaticComplexity="0" maxCrapScore="0" minCrapScore="0" visitedClasses="0" numClasses="0" visitedMethods="1" numMethods="1" />
              <MetadataToken>100663333</MetadataToken>
              <Name>System.Void MenuNavigatorTest::Awake_ShouldNotOverrideInjectedSceneLoader()</Name>
              <FileRef uid="4" />
              <SequencePoints>
                <SequencePoint vc="1" uspid="2133" ordinal="0" offset="0" sl="150" sc="5" el="150" ec="5" bec="0" bev="0" fileid="4" />
                <SequencePoint vc="1" uspid="2134" ordinal="0" offset="1" sl="152" sc="9" el="152" ec="9" bec="0" bev="0" fileid="4" />
                <SequencePoint vc="1" uspid="2135" ordinal="0" offset="7" sl="153" sc="9" el="153" ec="9" bec="0" bev="0" fileid="4" />
                <SequencePoint vc="1" uspid="2136" ordinal="0" offset="18" sl="154" sc="9" el="154" ec="9" bec="0" bev="0" fileid="4" />
                <SequencePoint vc="1" uspid="2137" ordinal="0" offset="26" sl="157" sc="9" el="157" ec="9" bec="0" bev="0" fileid="4" />
                <SequencePoint vc="1" uspid="2138" ordinal="0" offset="56" sl="162" sc="9" el="162" ec="9" bec="0" bev="0" fileid="4" />
                <SequencePoint vc="1" uspid="2139" ordinal="0" offset="79" sl="164" sc="9" el="164" ec="9" bec="0" bev="0" fileid="4" />
                <SequencePoint vc="1" uspid="2140" ordinal="0" offset="87" sl="166" sc="9" el="166" ec="9" bec="0" bev="0" fileid="4" />
                <SequencePoint vc="1" uspid="2141" ordinal="0" offset="95" sl="168" sc="9" el="168" ec="9" bec="0" bev="0" fileid="4" />
                <SequencePoint vc="1" uspid="2142" ordinal="0" offset="107" sl="169" sc="5" el="169" ec="5" bec="0" bev="0" fileid="4" />
              </SequencePoints>
              <BranchPoints />
            </Method>
          </Methods>
        </Class>
        <Class>
          <Summary numSequencePoints="112" visitedSequencePoints="112" numBranchPoints="0" visitedBranchPoints="0" sequenceCoverage="100.0" branchCoverage="0.0" maxCyclomaticComplexity="0" minCyclomaticComplexity="0" maxCrapScore="0" minCrapScore="0" visitedClasses="1" numClasses="1" visitedMethods="19" numMethods="19" />
          <FullName>SessionCodeEntryTest</FullName>
          <Methods>
            <Method visited="true" cyclomaticComplexity="0" nPathComplexity="0" sequenceCoverage="100.0" branchCoverage="0" crapScore="0" isConstructor="false" isStatic="false" isGetter="false" isSetter="false">
              <Summary numSequencePoints="17" visitedSequencePoints="17" numBranchPoints="0" visitedBranchPoints="0" sequenceCoverage="100.0" branchCoverage="0" maxCyclomaticComplexity="0" minCyclomaticComplexity="0" maxCrapScore="0" minCrapScore="0" visitedClasses="0" numClasses="0" visitedMethods="1" numMethods="1" />
              <MetadataToken>100663335</MetadataToken>
              <Name>System.ValueTuple[SessionCodeEntry,InputField,MockSceneLoader,GameObject,GameObject] SessionCodeEntryTest::CreateEntry()</Name>
              <FileRef uid="5" />
              <SequencePoints>
                <SequencePoint vc="8" uspid="2143" ordinal="0" offset="0" sl="26" sc="5" el="26" ec="5" bec="0" bev="0" fileid="5" />
                <SequencePoint vc="8" uspid="2144" ordinal="0" offset="1" sl="27" sc="9" el="27" ec="9" bec="0" bev="0" fileid="5" />
                <SequencePoint vc="8" uspid="2145" ordinal="0" offset="12" sl="28" sc="9" el="28" ec="9" bec="0" bev="0" fileid="5" />
                <SequencePoint vc="8" uspid="2146" ordinal="0" offset="19" sl="30" sc="9" el="30" ec="9" bec="0" bev="0" fileid="5" />
                <SequencePoint vc="8" uspid="2147" ordinal="0" offset="30" sl="31" sc="9" el="31" ec="9" bec="0" bev="0" fileid="5" />
                <SequencePoint vc="8" uspid="2148" ordinal="0" offset="48" sl="32" sc="9" el="32" ec="9" bec="0" bev="0" fileid="5" />
                <SequencePoint vc="8" uspid="2149" ordinal="0" offset="55" sl="34" sc="9" el="34" ec="9" bec="0" bev="0" fileid="5" />
                <SequencePoint vc="8" uspid="2150" ordinal="0" offset="66" sl="35" sc="9" el="35" ec="9" bec="0" bev="0" fileid="5" />
                <SequencePoint vc="8" uspid="2151" ordinal="0" offset="84" sl="36" sc="9" el="36" ec="9" bec="0" bev="0" fileid="5" />
                <SequencePoint vc="8" uspid="2152" ordinal="0" offset="92" sl="37" sc="9" el="37" ec="9" bec="0" bev="0" fileid="5" />
                <SequencePoint vc="8" uspid="2153" ordinal="0" offset="101" sl="39" sc="9" el="39" ec="9" bec="0" bev="0" fileid="5" />
                <SequencePoint vc="8" uspid="2154" ordinal="0" offset="113" sl="40" sc="9" el="40" ec="9" bec="0" bev="0" fileid="5" />
                <SequencePoint vc="8" uspid="2155" ordinal="0" offset="122" sl="42" sc="9" el="42" ec="9" bec="0" bev="0" fileid="5" />
                <SequencePoint vc="8" uspid="2156" ordinal="0" offset="153" sl="46" sc="9" el="46" ec="9" bec="0" bev="0" fileid="5" />
                <SequencePoint vc="8" uspid="2157" ordinal="0" offset="160" sl="47" sc="9" el="47" ec="9" bec="0" bev="0" fileid="5" />
                <SequencePoint vc="8" uspid="2158" ordinal="0" offset="170" sl="49" sc="9" el="49" ec="9" bec="0" bev="0" fileid="5" />
                <SequencePoint vc="8" uspid="2159" ordinal="0" offset="187" sl="50" sc="5" el="50" ec="5" bec="0" bev="0" fileid="5" />
              </SequencePoints>
              <BranchPoints />
            </Method>
            <Method visited="true" cyclomaticComplexity="0" nPathComplexity="0" sequenceCoverage="100.0" branchCoverage="0" crapScore="0" isConstructor="false" isStatic="false" isGetter="false" isSetter="false">
              <Summary numSequencePoints="3" visitedSequencePoints="3" numBranchPoints="0" visitedBranchPoints="0" sequenceCoverage="100.0" branchCoverage="0" maxCyclomaticComplexity="0" minCyclomaticComplexity="0" maxCrapScore="0" minCrapScore="0" visitedClasses="0" numClasses="0" visitedMethods="1" numMethods="1" />
              <MetadataToken>100663336</MetadataToken>
              <Name>System.Void SessionCodeEntryTest::IsValidCode_Exactly6AlphanumericUppercase_ReturnsTrue()</Name>
              <FileRef uid="5" />
              <SequencePoints>
                <SequencePoint vc="1" uspid="2160" ordinal="0" offset="0" sl="58" sc="5" el="58" ec="5" bec="0" bev="0" fileid="5" />
                <SequencePoint vc="1" uspid="2161" ordinal="0" offset="1" sl="59" sc="9" el="59" ec="9" bec="0" bev="0" fileid="5" />
                <SequencePoint vc="1" uspid="2162" ordinal="0" offset="17" sl="60" sc="5" el="60" ec="5" bec="0" bev="0" fileid="5" />
              </SequencePoints>
              <BranchPoints />
            </Method>
            <Method visited="true" cyclomaticComplexity="0" nPathComplexity="0" sequenceCoverage="100.0" branchCoverage="0" crapScore="0" isConstructor="false" isStatic="false" isGetter="false" isSetter="false">
              <Summary numSequencePoints="3" visitedSequencePoints="3" numBranchPoints="0" visitedBranchPoints="0" sequenceCoverage="100.0" branchCoverage="0" maxCyclomaticComplexity="0" minCyclomaticComplexity="0" maxCrapScore="0" minCrapScore="0" visitedClasses="0" numClasses="0" visitedMethods="1" numMethods="1" />
              <MetadataToken>100663337</MetadataToken>
              <Name>System.Void SessionCodeEntryTest::IsValidCode_Exactly6AlphanumericLowercase_ReturnsTrue()</Name>
              <FileRef uid="5" />
              <SequencePoints>
                <SequencePoint vc="1" uspid="2163" ordinal="0" offset="0" sl="64" sc="5" el="64" ec="5" bec="0" bev="0" fileid="5" />
                <SequencePoint vc="1" uspid="2164" ordinal="0" offset="1" sl="65" sc="9" el="65" ec="9" bec="0" bev="0" fileid="5" />
                <SequencePoint vc="1" uspid="2165" ordinal="0" offset="17" sl="66" sc="5" el="66" ec="5" bec="0" bev="0" fileid="5" />
              </SequencePoints>
              <BranchPoints />
            </Method>
            <Method visited="true" cyclomaticComplexity="0" nPathComplexity="0" sequenceCoverage="100.0" branchCoverage="0" crapScore="0" isConstructor="false" isStatic="false" isGetter="false" isSetter="false">
              <Summary numSequencePoints="3" visitedSequencePoints="3" numBranchPoints="0" visitedBranchPoints="0" sequenceCoverage="100.0" branchCoverage="0" maxCyclomaticComplexity="0" minCyclomaticComplexity="0" maxCrapScore="0" minCrapScore="0" visitedClasses="0" numClasses="0" visitedMethods="1" numMethods="1" />
              <MetadataToken>100663338</MetadataToken>
              <Name>System.Void SessionCodeEntryTest::IsValidCode_AllDigits_ReturnsTrue()</Name>
              <FileRef uid="5" />
              <SequencePoints>
                <SequencePoint vc="1" uspid="2166" ordinal="0" offset="0" sl="70" sc="5" el="70" ec="5" bec="0" bev="0" fileid="5" />
                <SequencePoint vc="1" uspid="2167" ordinal="0" offset="1" sl="71" sc="9" el="71" ec="9" bec="0" bev="0" fileid="5" />
                <SequencePoint vc="1" uspid="2168" ordinal="0" offset="17" sl="72" sc="5" el="72" ec="5" bec="0" bev="0" fileid="5" />
              </SequencePoints>
              <BranchPoints />
            </Method>
            <Method visited="true" cyclomaticComplexity="0" nPathComplexity="0" sequenceCoverage="100.0" branchCoverage="0" crapScore="0" isConstructor="false" isStatic="false" isGetter="false" isSetter="false">
              <Summary numSequencePoints="3" visitedSequencePoints="3" numBranchPoints="0" visitedBranchPoints="0" sequenceCoverage="100.0" branchCoverage="0" maxCyclomaticComplexity="0" minCyclomaticComplexity="0" maxCrapScore="0" minCrapScore="0" visitedClasses="0" numClasses="0" visitedMethods="1" numMethods="1" />
              <MetadataToken>100663339</MetadataToken>
              <Name>System.Void SessionCodeEntryTest::IsValidCode_AllLetters_ReturnsTrue()</Name>
              <FileRef uid="5" />
              <SequencePoints>
                <SequencePoint vc="1" uspid="2169" ordinal="0" offset="0" sl="76" sc="5" el="76" ec="5" bec="0" bev="0" fileid="5" />
                <SequencePoint vc="1" uspid="2170" ordinal="0" offset="1" sl="77" sc="9" el="77" ec="9" bec="0" bev="0" fileid="5" />
                <SequencePoint vc="1" uspid="2171" ordinal="0" offset="17" sl="78" sc="5" el="78" ec="5" bec="0" bev="0" fileid="5" />
              </SequencePoints>
              <BranchPoints />
            </Method>
            <Method visited="true" cyclomaticComplexity="0" nPathComplexity="0" sequenceCoverage="100.0" branchCoverage="0" crapScore="0" isConstructor="false" isStatic="false" isGetter="false" isSetter="false">
              <Summary numSequencePoints="3" visitedSequencePoints="3" numBranchPoints="0" visitedBranchPoints="0" sequenceCoverage="100.0" branchCoverage="0" maxCyclomaticComplexity="0" minCyclomaticComplexity="0" maxCrapScore="0" minCrapScore="0" visitedClasses="0" numClasses="0" visitedMethods="1" numMethods="1" />
              <MetadataToken>100663340</MetadataToken>
              <Name>System.Void SessionCodeEntryTest::IsValidCode_FewerThan6Chars_ReturnsFalse()</Name>
              <FileRef uid="5" />
              <SequencePoints>
                <SequencePoint vc="1" uspid="2172" ordinal="0" offset="0" sl="82" sc="5" el="82" ec="5" bec="0" bev="0" fileid="5" />
                <SequencePoint vc="1" uspid="2173" ordinal="0" offset="1" sl="83" sc="9" el="83" ec="9" bec="0" bev="0" fileid="5" />
                <SequencePoint vc="1" uspid="2174" ordinal="0" offset="17" sl="84" sc="5" el="84" ec="5" bec="0" bev="0" fileid="5" />
              </SequencePoints>
              <BranchPoints />
            </Method>
            <Method visited="true" cyclomaticComplexity="0" nPathComplexity="0" sequenceCoverage="100.0" branchCoverage="0" crapScore="0" isConstructor="false" isStatic="false" isGetter="false" isSetter="false">
              <Summary numSequencePoints="3" visitedSequencePoints="3" numBranchPoints="0" visitedBranchPoints="0" sequenceCoverage="100.0" branchCoverage="0" maxCyclomaticComplexity="0" minCyclomaticComplexity="0" maxCrapScore="0" minCrapScore="0" visitedClasses="0" numClasses="0" visitedMethods="1" numMethods="1" />
              <MetadataToken>100663341</MetadataToken>
              <Name>System.Void SessionCodeEntryTest::IsValidCode_MoreThan6Chars_ReturnsFalse()</Name>
              <FileRef uid="5" />
              <SequencePoints>
                <SequencePoint vc="1" uspid="2175" ordinal="0" offset="0" sl="88" sc="5" el="88" ec="5" bec="0" bev="0" fileid="5" />
                <SequencePoint vc="1" uspid="2176" ordinal="0" offset="1" sl="89" sc="9" el="89" ec="9" bec="0" bev="0" fileid="5" />
                <SequencePoint vc="1" uspid="2177" ordinal="0" offset="17" sl="90" sc="5" el="90" ec="5" bec="0" bev="0" fileid="5" />
              </SequencePoints>
              <BranchPoints />
            </Method>
            <Method visited="true" cyclomaticComplexity="0" nPathComplexity="0" sequenceCoverage="100.0" branchCoverage="0" crapScore="0" isConstructor="false" isStatic="false" isGetter="false" isSetter="false">
              <Summary numSequencePoints="3" visitedSequencePoints="3" numBranchPoints="0" visitedBranchPoints="0" sequenceCoverage="100.0" branchCoverage="0" maxCyclomaticComplexity="0" minCyclomaticComplexity="0" maxCrapScore="0" minCrapScore="0" visitedClasses="0" numClasses="0" visitedMethods="1" numMethods="1" />
              <MetadataToken>100663342</MetadataToken>
              <Name>System.Void SessionCodeEntryTest::IsValidCode_ContainsSpace_ReturnsFalse()</Name>
              <FileRef uid="5" />
              <SequencePoints>
                <SequencePoint vc="1" uspid="2178" ordinal="0" offset="0" sl="94" sc="5" el="94" ec="5" bec="0" bev="0" fileid="5" />
                <SequencePoint vc="1" uspid="2179" ordinal="0" offset="1" sl="95" sc="9" el="95" ec="9" bec="0" bev="0" fileid="5" />
                <SequencePoint vc="1" uspid="2180" ordinal="0" offset="17" sl="96" sc="5" el="96" ec="5" bec="0" bev="0" fileid="5" />
              </SequencePoints>
              <BranchPoints />
            </Method>
            <Method visited="true" cyclomaticComplexity="0" nPathComplexity="0" sequenceCoverage="100.0" branchCoverage="0" crapScore="0" isConstructor="false" isStatic="false" isGetter="false" isSetter="false">
              <Summary numSequencePoints="3" visitedSequencePoints="3" numBranchPoints="0" visitedBranchPoints="0" sequenceCoverage="100.0" branchCoverage="0" maxCyclomaticComplexity="0" minCyclomaticComplexity="0" maxCrapScore="0" minCrapScore="0" visitedClasses="0" numClasses="0" visitedMethods="1" numMethods="1" />
              <MetadataToken>100663343</MetadataToken>
[...]
          <FullName>MenuNavigator</FullName>
          <Methods>
            <Method visited="true" cyclomaticComplexity="0" nPathComplexity="0" sequenceCoverage="100.0" branchCoverage="0" crapScore="0" isConstructor="false" isStatic="false" isGetter="false" isSetter="false">
              <Summary numSequencePoints="3" visitedSequencePoints="3" numBranchPoints="0" visitedBranchPoints="0" sequenceCoverage="100.0" branchCoverage="0" maxCyclomaticComplexity="0" minCyclomaticComplexity="0" maxCrapScore="0" minCrapScore="0" visitedClasses="0" numClasses="0" visitedMethods="1" numMethods="1" />
              <MetadataToken>100663338</MetadataToken>
              <Name>System.Void MenuNavigator::SetSceneLoader(ISceneLoader)</Name>
              <FileRef uid="9" />
              <SequencePoints>
                <SequencePoint vc="7" uspid="2410" ordinal="0" offset="0" sl="15" sc="5" el="15" ec="5" bec="0" bev="0" fileid="9" />
                <SequencePoint vc="7" uspid="2411" ordinal="0" offset="1" sl="16" sc="9" el="16" ec="9" bec="0" bev="0" fileid="9" />
                <SequencePoint vc="7" uspid="2412" ordinal="0" offset="8" sl="17" sc="5" el="17" ec="5" bec="0" bev="0" fileid="9" />
              </SequencePoints>
              <BranchPoints />
            </Method>
            <Method visited="true" cyclomaticComplexity="0" nPathComplexity="0" sequenceCoverage="100.0" branchCoverage="0" crapScore="0" isConstructor="false" isStatic="false" isGetter="false" isSetter="false">
              <Summary numSequencePoints="3" visitedSequencePoints="3" numBranchPoints="0" visitedBranchPoints="0" sequenceCoverage="100.0" branchCoverage="0" maxCyclomaticComplexity="0" minCyclomaticComplexity="0" maxCrapScore="0" minCrapScore="0" visitedClasses="0" numClasses="0" visitedMethods="1" numMethods="1" />
              <MetadataToken>100663339</MetadataToken>
              <Name>System.Void MenuNavigator::Awake()</Name>
              <FileRef uid="9" />
              <SequencePoints>
                <SequencePoint vc="2" uspid="2413" ordinal="0" offset="0" sl="20" sc="5" el="20" ec="5" bec="0" bev="0" fileid="9" />
                <SequencePoint vc="2" uspid="2414" ordinal="0" offset="1" sl="22" sc="9" el="22" ec="9" bec="0" bev="0" fileid="9" />
                <SequencePoint vc="2" uspid="2415" ordinal="0" offset="20" sl="23" sc="5" el="23" ec="5" bec="0" bev="0" fileid="9" />
              </SequencePoints>
              <BranchPoints />
            </Method>
            <Method visited="true" cyclomaticComplexity="0" nPathComplexity="0" sequenceCoverage="100.0" branchCoverage="0" crapScore="0" isConstructor="false" isStatic="false" isGetter="false" isSetter="false">
              <Summary numSequencePoints="3" visitedSequencePoints="3" numBranchPoints="0" visitedBranchPoints="0" sequenceCoverage="100.0" branchCoverage="0" maxCyclomaticComplexity="0" minCyclomaticComplexity="0" maxCrapScore="0" minCrapScore="0" visitedClasses="0" numClasses="0" visitedMethods="1" numMethods="1" />
              <MetadataToken>100663340</MetadataToken>
              <Name>System.Void MenuNavigator::GoToLobby()</Name>
              <FileRef uid="9" />
              <SequencePoints>
                <SequencePoint vc="4" uspid="2416" ordinal="0" offset="0" sl="29" sc="5" el="29" ec="5" bec="0" bev="0" fileid="9" />
                <SequencePoint vc="4" uspid="2417" ordinal="0" offset="1" sl="30" sc="9" el="30" ec="9" bec="0" bev="0" fileid="9" />
                <SequencePoint vc="4" uspid="2418" ordinal="0" offset="18" sl="31" sc="5" el="31" ec="5" bec="0" bev="0" fileid="9" />
              </SequencePoints>
              <BranchPoints />
            </Method>
            <Method visited="true" cyclomaticComplexity="0" nPathComplexity="0" sequenceCoverage="100.0" branchCoverage="0" crapScore="0" isConstructor="false" isStatic="false" isGetter="false" isSetter="false">
              <Summary numSequencePoints="3" visitedSequencePoints="3" numBranchPoints="0" visitedBranchPoints="0" sequenceCoverage="100.0" branchCoverage="0" maxCyclomaticComplexity="0" minCyclomaticComplexity="0" maxCrapScore="0" minCrapScore="0" visitedClasses="0" numClasses="0" visitedMethods="1" numMethods="1" />
              <MetadataToken>100663341</MetadataToken>
              <Name>System.Void MenuNavigator::GoToLevel1()</Name>
              <FileRef uid="9" />
              <SequencePoints>
                <SequencePoint vc="1" uspid="2419" ordinal="0" offset="0" sl="34" sc="5" el="34" ec="5" bec="0" bev="0" fileid="9" />
                <SequencePoint vc="1" uspid="2420" ordinal="0" offset="1" sl="35" sc="9" el="35" ec="9" bec="0" bev="0" fileid="9" />
                <SequencePoint vc="1" uspid="2421" ordinal="0" offset="18" sl="36" sc="5" el="36" ec="5" bec="0" bev="0" fileid="9" />
              </SequencePoints>
              <BranchPoints />
            </Method>
            <Method visited="true" cyclomaticComplexity="0" nPathComplexity="0" sequenceCoverage="100.0" branchCoverage="0" crapScore="0" isConstructor="false" isStatic="false" isGetter="false" isSetter="false">
              <Summary numSequencePoints="3" visitedSequencePoints="3" numBranchPoints="0" visitedBranchPoints="0" sequenceCoverage="100.0" branchCoverage="0" maxCyclomaticComplexity="0" minCyclomaticComplexity="0" maxCrapScore="0" minCrapScore="0" visitedClasses="0" numClasses="0" visitedMethods="1" numMethods="1" />
              <MetadataToken>100663342</MetadataToken>
              <Name>System.Void MenuNavigator::GoToLevel2()</Name>
              <FileRef uid="9" />
              <SequencePoints>
                <SequencePoint vc="1" uspid="2422" ordinal="0" offset="0" sl="39" sc="5" el="39" ec="5" bec="0" bev="0" fileid="9" />
                <SequencePoint vc="1" uspid="2423" ordinal="0" offset="1" sl="40" sc="9" el="40" ec="9" bec="0" bev="0" fileid="9" />
                <SequencePoint vc="1" uspid="2424" ordinal="0" offset="18" sl="41" sc="5" el="41" ec="5" bec="0" bev="0" fileid="9" />
              </SequencePoints>
              <BranchPoints />
            </Method>
            <Method visited="true" cyclomaticComplexity="0" nPathComplexity="0" sequenceCoverage="100.0" branchCoverage="0" crapScore="0" isConstructor="false" isStatic="false" isGetter="false" isSetter="false">
              <Summary numSequencePoints="3" visitedSequencePoints="3" numBranchPoints="0" visitedBranchPoints="0" sequenceCoverage="100.0" branchCoverage="0" maxCyclomaticComplexity="0" minCyclomaticComplexity="0" maxCrapScore="0" minCrapScore="0" visitedClasses="0" numClasses="0" visitedMethods="1" numMethods="1" />
              <MetadataToken>100663343</MetadataToken>
              <Name>System.Void MenuNavigator::GoToLevel3()</Name>
              <FileRef uid="9" />
              <SequencePoints>
                <SequencePoint vc="1" uspid="2425" ordinal="0" offset="0" sl="44" sc="5" el="44" ec="5" bec="0" bev="0" fileid="9" />
                <SequencePoint vc="1" uspid="2426" ordinal="0" offset="1" sl="45" sc="9" el="45" ec="9" bec="0" bev="0" fileid="9" />
                <SequencePoint vc="1" uspid="2427" ordinal="0" offset="18" sl="46" sc="5" el="46" ec="5" bec="0" bev="0" fileid="9" />
              </SequencePoints>
              <BranchPoints />
            </Method>
          </Methods>
        </Class>
        <Class>
          <Summary numSequencePoints="23" visitedSequencePoints="21" numBranchPoints="0" visitedBranchPoints="0" sequenceCoverage="91.30" branchCoverage="0.0" maxCyclomaticComplexity="0" minCyclomaticComplexity="0" maxCrapScore="0" minCrapScore="0" visitedClasses="1" numClasses="1" visitedMethods="3" numMethods="3" />
          <FullName>SessionCodeEntry</FullName>
          <Methods>
            <Method visited="true" cyclomaticComplexity="0" nPathComplexity="0" sequenceCoverage="100.0" branchCoverage="0" crapScore="0" isConstructor="false" isStatic="false" isGetter="false" isSetter="false">
              <Summary numSequencePoints="3" visitedSequencePoints="3" numBranchPoints="0" visitedBranchPoints="0" sequenceCoverage="100.0" branchCoverage="0" maxCyclomaticComplexity="0" minCyclomaticComplexity="0" maxCrapScore="0" minCrapScore="0" visitedClasses="0" numClasses="0" visitedMethods="1" numMethods="1" />
              <MetadataToken>100663347</MetadataToken>
              <Name>System.Void SessionCodeEntry::SetSceneLoader(ISceneLoader)</Name>
              <FileRef uid="11" />
              <SequencePoints>
                <SequencePoint vc="8" uspid="2431" ordinal="0" offset="0" sl="22" sc="5" el="22" ec="5" bec="0" bev="0" fileid="11" />
                <SequencePoint vc="8" uspid="2432" ordinal="0" offset="1" sl="23" sc="9" el="23" ec="9" bec="0" bev="0" fileid="11" />
                <SequencePoint vc="8" uspid="2433" ordinal="0" offset="8" sl="24" sc="5" el="24" ec="5" bec="0" bev="0" fileid="11" />
              </SequencePoints>
              <BranchPoints />
            </Method>
            <Method visited="true" cyclomaticComplexity="0" nPathComplexity="0" sequenceCoverage="100.0" branchCoverage="0" crapScore="0" isConstructor="false" isStatic="true" isGetter="false" isSetter="false">
              <Summary numSequencePoints="6" visitedSequencePoints="6" numBranchPoints="0" visitedBranchPoints="0" sequenceCoverage="100.0" branchCoverage="0" maxCyclomaticComplexity="0" minCyclomaticComplexity="0" maxCrapScore="0" minCrapScore="0" visitedClasses="0" numClasses="0" visitedMethods="1" numMethods="1" />
              <MetadataToken>100663349</MetadataToken>
              <Name>static System.Boolean SessionCodeEntry::IsValidCode(System.String)</Name>
              <FileRef uid="11" />
              <SequencePoints>
                <SequencePoint vc="18" uspid="2437" ordinal="0" offset="0" sl="35" sc="5" el="35" ec="5" bec="0" bev="0" fileid="11" />
                <SequencePoint vc="18" uspid="2438" ordinal="0" offset="1" sl="36" sc="9" el="36" ec="9" bec="0" bev="0" fileid="11" />
                <SequencePoint vc="2" uspid="2439" ordinal="0" offset="11" sl="36" sc="40" el="36" ec="40" bec="0" bev="0" fileid="11" />
                <SequencePoint vc="16" uspid="2440" ordinal="0" offset="15" sl="37" sc="9" el="37" ec="9" bec="0" bev="0" fileid="11" />
                <SequencePoint vc="16" uspid="2441" ordinal="0" offset="22" sl="38" sc="9" el="38" ec="9" bec="0" bev="0" fileid="11" />
                <SequencePoint vc="18" uspid="2442" ordinal="0" offset="48" sl="39" sc="5" el="39" ec="5" bec="0" bev="0" fileid="11" />
              </SequencePoints>
              <BranchPoints />
            </Method>
            <Method visited="true" cyclomaticComplexity="0" nPathComplexity="0" sequenceCoverage="85.71" branchCoverage="0" crapScore="0" isConstructor="false" isStatic="false" isGetter="false" isSetter="false">
              <Summary numSequencePoints="14" visitedSequencePoints="12" numBranchPoints="0" visitedBranchPoints="0" sequenceCoverage="85.71" branchCoverage="0" maxCyclomaticComplexity="0" minCyclomaticComplexity="0" maxCrapScore="0" minCrapScore="0" visitedClasses="0" numClasses="0" visitedMethods="1" numMethods="1" />
              <MetadataToken>100663350</MetadataToken>
              <Name>System.Void SessionCodeEntry::OnJoinButtonPressed()</Name>
              <FileRef uid="11" />
              <SequencePoints>
                <SequencePoint vc="9" uspid="2443" ordinal="0" offset="0" sl="46" sc="5" el="46" ec="5" bec="0" bev="0" fileid="11" />
                <SequencePoint vc="9" uspid="2444" ordinal="0" offset="1" sl="47" sc="9" el="47" ec="9" bec="0" bev="0" fileid="11" />
                <SequencePoint vc="1" uspid="2445" ordinal="0" offset="11" sl="47" sc="28" el="47" ec="28" bec="0" bev="0" fileid="11" />
                <SequencePoint vc="8" uspid="2446" ordinal="0" offset="16" sl="49" sc="9" el="49" ec="9" bec="0" bev="0" fileid="11" />
                <SequencePoint vc="8" uspid="2447" ordinal="0" offset="49" sl="51" sc="9" el="51" ec="9" bec="0" bev="0" fileid="11" />
                <SequencePoint vc="4" uspid="2448" ordinal="0" offset="62" sl="52" sc="9" el="52" ec="9" bec="0" bev="0" fileid="11" />
                <SequencePoint vc="4" uspid="2449" ordinal="0" offset="63" sl="53" sc="13" el="53" ec="13" bec="0" bev="0" fileid="11" />
                <SequencePoint vc="0" uspid="2450" ordinal="0" offset="79" sl="53" sc="39" el="53" ec="39" bec="0" bev="0" fileid="11" />
                <SequencePoint vc="4" uspid="2451" ordinal="0" offset="96" sl="54" sc="13" el="54" ec="13" bec="0" bev="0" fileid="11" />
                <SequencePoint vc="4" uspid="2452" ordinal="0" offset="98" sl="57" sc="9" el="57" ec="9" bec="0" bev="0" fileid="11" />
                <SequencePoint vc="0" uspid="2453" ordinal="0" offset="116" sl="57" sc="35" el="57" ec="35" bec="0" bev="0" fileid="11" />
                <SequencePoint vc="4" uspid="2454" ordinal="0" offset="133" sl="58" sc="9" el="58" ec="9" bec="0" bev="0" fileid="11" />
                <SequencePoint vc="4" uspid="2455" ordinal="0" offset="140" sl="59" sc="9" el="59" ec="9" bec="0" bev="0" fileid="11" />
                <SequencePoint vc="9" uspid="2456" ordinal="0" offset="157" sl="60" sc="5" el="60" ec="5" bec="0" bev="0" fileid="11" />
              </SequencePoints>
              <BranchPoints />
            </Method>
          </Methods>
        </Class>
        <Class>
          <Summary numSequencePoints="6" visitedSequencePoints="6" numBranchPoints="0" visitedBranchPoints="0" sequenceCoverage="100.0" branchCoverage="0.0" maxCyclomaticComplexity="0" minCyclomaticComplexity="0" maxCrapScore="0" minCrapScore="0" visitedClasses="1" numClasses="1" visitedMethods="6" numMethods="6" />
          <FullName>GoNoGoManager/&lt;&gt;c</FullName>
          <Methods>
            <Method visited="true" cyclomaticComplexity="0" nPathComplexity="0" sequenceCoverage="100.0" branchCoverage="0" crapScore="0" isConstructor="false" isStatic="false" isGetter="false" isSetter="false">
              <Summary numSequencePoints="1" visitedSequencePoints="1" numBranchPoints="0" visitedBranchPoints="0" sequenceCoverage="100.0" branchCoverage="0" maxCyclomaticComplexity="0" minCyclomaticComplexity="0" maxCrapScore="0" minCrapScore="0" visitedClasses="0" numClasses="0" visitedMethods="1" numMethods="1" />
              <MetadataToken>100663365</MetadataToken>
              <Name>System.Boolean GoNoGoManager/&lt;&gt;c::&lt;GetHitCount&gt;b__36_0(GoNoGoResult)</Name>
              <FileRef uid="7" />
              <SequencePoints>
                <SequencePoint vc="4" uspid="2466" ordinal="0" offset="0" sl="177" sc="53" el="177" ec="53" bec="0" bev="0" fileid="7" />
              </SequencePoints>
              <BranchPoints />
            </Method>
            <Method visited="true" cyclomaticComplexity="0" nPathComplexity="0" sequenceCoverage="100.0" branchCoverage="0" crapScore="0" isConstructor="false" isStatic="false" isGetter="false" isSetter="false">
              <Summary numSequencePoints="1" visitedSequencePoints="1" numBranchPoints="0" visitedBranchPoints="0" sequenceCoverage="100.0" branchCoverage="0" maxCyclomaticComplexity="0" minCyclomaticComplexity="0" maxCrapScore="0" minCrapScore="0" visitedClasses="0" numClasses="0" visitedMethods="1" numMethods="1" />
              <MetadataToken>100663366</MetadataToken>
              <Name>System.Boolean GoNoGoManager/&lt;&gt;c::&lt;GetMissCount&gt;b__37_0(GoNoGoResult)</Name>
              <FileRef uid="7" />
              <SequencePoints>
                <SequencePoint vc="3" uspid="2467" ordinal="0" offset="0" sl="178" sc="54" el="178" ec="54" bec="0" bev="0" fileid="7" />
              </SequencePoints>
              <BranchPoints />
            </Method>
            <Method visited="true" cyclomaticComplexity="0" nPathComplexity="0" sequenceCoverage="100.0" branchCoverage="0" crapScore="0" isConstructor="false" isStatic="false" isGetter="false" isSetter="false">
              <Summary numSequencePoints="1" visitedSequencePoints="1" numBranchPoints="0" visitedBranchPoints="0" sequenceCoverage="100.0" branchCoverage="0" maxCyclomaticComplexity="0" minCyclomaticComplexity="0" maxCrapScore="0" minCrapScore="0" visitedClasses="0" numClasses="0" visitedMethods="1" numMethods="1" />
              <MetadataToken>100663367</MetadataToken>
              <Name>System.Boolean GoNoGoManager/&lt;&gt;c::&lt;GetFalseAlarmCount&gt;b__38_0(GoNoGoResult)</Name>
              <FileRef uid="7" />
              <SequencePoints>
                <SequencePoint vc="3" uspid="2468" ordinal="0" offset="0" sl="179" sc="60" el="179" ec="60" bec="0" bev="0" fileid="7" />
              </SequencePoints>
              <BranchPoints />
            </Method>
            <Method visited="true" cyclomaticComplexity="0" nPathComplexity="0" sequenceCoverage="100.0" branchCoverage="0" crapScore="0" isConstructor="false" isStatic="false" isGetter="false" isSetter="false">
              <Summary numSequencePoints="1" visitedSequencePoints="1" numBranchPoints="0" visitedBranchPoints="0" sequenceCoverage="100.0" branchCoverage="0" maxCyclomaticComplexity="0" minCyclomaticComplexity="0" maxCrapScore="0" minCrapScore="0" visitedClasses="0" numClasses="0" visitedMethods="1" numMethods="1" />
              <MetadataToken>100663368</MetadataToken>
              <Name>System.Boolean GoNoGoManager/&lt;&gt;c::&lt;GetCorrectRejectionCount&gt;b__39_0(GoNoGoResult)</Name>
              <FileRef uid="7" />
              <SequencePoints>
                <SequencePoint vc="2" uspid="2469" ordinal="0" offset="0" sl="180" sc="66" el="180" ec="66" bec="0" bev="0" fileid="7" />
              </SequencePoints>
              <BranchPoints />
            </Method>
            <Method visited="true" cyclomaticComplexity="0" nPathComplexity="0" sequenceCoverage="100.0" branchCoverage="0" crapScore="0" isConstructor="false" isStatic="false" isGetter="false" isSetter="false">
              <Summary numSequencePoints="1" visitedSequencePoints="1" numBranchPoints="0" visitedBranchPoints="0" sequenceCoverage="100.0" branchCoverage="0" maxCyclomaticComplexity="0" minCyclomaticComplexity="0" maxCrapScore="0" minCrapScore="0" visitedClasses="0" numClasses="0" visitedMethods="1" numMethods="1" />
              <MetadataToken>100663369</MetadataToken>
              <Name>System.Boolean GoNoGoManager/&lt;&gt;c::&lt;GetAverageReactionTime&gt;b__40_0(GoNoGoResult)</Name>
              <FileRef uid="7" />
              <SequencePoints>
                <SequencePoint vc="6" uspid="2470" ordinal="0" offset="0" sl="184" sc="44" el="184" ec="44" bec="0" bev="0" fileid="7" />
              </SequencePoints>
              <BranchPoints />
            </Method>
            <Method visited="true" cyclomaticComplexity="0" nPathComplexity="0" sequenceCoverage="100.0" branchCoverage="0" crapScore="0" isConstructor="false" isStatic="false" isGetter="false" isSetter="false">
              <Summary numSequencePoints="1" visitedSequencePoints="1" numBranchPoints="0" visitedBranchPoints="0" sequenceCoverage="100.0" branchCoverage="0" maxCyclomaticComplexity="0" minCyclomaticComplexity="0" maxCrapScore="0" minCrapScore="0" visitedClasses="0" numClasses="0" visitedMethods="1" numMethods="1" />
              <MetadataToken>100663370</MetadataToken>
              <Name>System.Single GoNoGoManager/&lt;&gt;c::&lt;GetAverageReactionTime&gt;b__40_1(GoNoGoResult)</Name>
              <FileRef uid="7" />
              <SequencePoints>
                <SequencePoint vc="2" uspid="2471" ordinal="0" offset="0" sl="184" sc="65" el="184" ec="65" bec="0" bev="0" fileid="7" />
              </SequencePoints>
              <BranchPoints />
            </Method>
          </Methods>
        </Class>
      </Classes>
    </Module>
  </Modules>
</CoverageSession>